2020-07-08 15:26:04,161 [Worker-2] INFO  c.g.t.t.d.PublishedGradleVersions - Gradle version information cache is up-to-date. Trying to read.
2020-07-08 16:28:27,688 [Worker-1024] INFO  o.e.m.c.i.l.LifecycleMappingFactory - Using org.eclipse.m2e.jdt.JarLifecycleMapping lifecycle mapping for MavenProject: spring4:testPjt01:0.0.1-SNAPSHOT @ C:\Spring\Project1\testPjt01\pom.xml.
2020-07-08 16:28:28,548 [Worker-1024] INFO  o.e.m.j.i.AbstractJavaProjectConfigurator - Adding source folder /testPjt01/src/main/java
2020-07-08 16:28:28,552 [Worker-1024] INFO  o.e.m.j.i.AbstractJavaProjectConfigurator - Adding resource folder /testPjt01/src/main/resources
2020-07-08 16:28:28,554 [Worker-1024] INFO  o.e.m.j.i.AbstractJavaProjectConfigurator - Adding source folder /testPjt01/src/test/java
2020-07-08 16:28:28,555 [Worker-1024] INFO  o.e.m.j.i.AbstractJavaProjectConfigurator - Adding resource folder /testPjt01/src/test/resources
2020-07-08 16:28:30,854 [Worker-1145] WARN  o.e.m.c.i.embedder.EclipseLogger - Using platform encoding (MS949 actually) to copy filtered resources, i.e. build is platform dependent!
2020-07-08 16:28:30,866 [Worker-1145] INFO  o.e.m.c.i.embedder.EclipseLogger - Copying 0 resource
2020-07-08 16:28:30,871 [Worker-1145] WARN  o.e.m.c.i.embedder.EclipseLogger - Using platform encoding (MS949 actually) to copy filtered resources, i.e. build is platform dependent!
2020-07-08 16:28:30,872 [Worker-1145] INFO  o.e.m.c.i.embedder.EclipseLogger - Copying 0 resource
2020-07-08 16:37:51,730 [Worker-1314] ERROR o.e.m.c.i.p.r.ProjectRegistryManager - Could not read pom.xml
org.eclipse.core.runtime.CoreException: Could not read pom.xml
	at org.eclipse.m2e.core.internal.embedder.MavenImpl.readModel(MavenImpl.java:565) ~[org.eclipse.m2e.core_1.8.3.20180227-2137.jar:na]
	at org.eclipse.m2e.core.internal.embedder.MavenImpl.readModel(MavenImpl.java:574) ~[org.eclipse.m2e.core_1.8.3.20180227-2137.jar:na]
	at org.eclipse.m2e.core.internal.project.registry.ProjectRegistryManager.refreshPhase2(ProjectRegistryManager.java:542) [org.eclipse.m2e.core_1.8.3.20180227-2137.jar:na]
	at org.eclipse.m2e.core.internal.project.registry.ProjectRegistryManager.refresh(ProjectRegistryManager.java:498) [org.eclipse.m2e.core_1.8.3.20180227-2137.jar:na]
	at org.eclipse.m2e.core.internal.project.registry.ProjectRegistryManager.refresh(ProjectRegistryManager.java:351) [org.eclipse.m2e.core_1.8.3.20180227-2137.jar:na]
	at org.eclipse.m2e.core.internal.project.registry.ProjectRegistryManager.refresh(ProjectRegistryManager.java:298) [org.eclipse.m2e.core_1.8.3.20180227-2137.jar:na]
	at org.eclipse.m2e.core.internal.builder.MavenBuilder$BuildMethod.getProjectFacade(MavenBuilder.java:154) [org.eclipse.m2e.core_1.8.3.20180227-2137.jar:na]
	at org.eclipse.m2e.core.internal.builder.MavenBuilder$BuildMethod$1.call(MavenBuilder.java:89) [org.eclipse.m2e.core_1.8.3.20180227-2137.jar:na]
	at org.eclipse.m2e.core.internal.embedder.MavenExecutionContext.executeBare(MavenExecutionContext.java:177) [org.eclipse.m2e.core_1.8.3.20180227-2137.jar:na]
	at org.eclipse.m2e.core.internal.embedder.MavenExecutionContext.execute(MavenExecutionContext.java:151) [org.eclipse.m2e.core_1.8.3.20180227-2137.jar:na]
	at org.eclipse.m2e.core.internal.embedder.MavenExecutionContext.execute(MavenExecutionContext.java:99) [org.eclipse.m2e.core_1.8.3.20180227-2137.jar:na]
	at org.eclipse.m2e.core.internal.builder.MavenBuilder$BuildMethod.execute(MavenBuilder.java:86) [org.eclipse.m2e.core_1.8.3.20180227-2137.jar:na]
	at org.eclipse.m2e.core.internal.builder.MavenBuilder.build(MavenBuilder.java:200) [org.eclipse.m2e.core_1.8.3.20180227-2137.jar:na]
	at org.eclipse.core.internal.events.BuildManager$2.run(BuildManager.java:735) [org.eclipse.core.resources_3.12.0.v20170417-1558.jar:na]
	at org.eclipse.core.runtime.SafeRunner.run(SafeRunner.java:42) [org.eclipse.equinox.common_3.9.0.v20170207-1454.jar:na]
	at org.eclipse.core.internal.events.BuildManager.basicBuild(BuildManager.java:206) [org.eclipse.core.resources_3.12.0.v20170417-1558.jar:na]
	at org.eclipse.core.internal.events.BuildManager.basicBuild(BuildManager.java:246) [org.eclipse.core.resources_3.12.0.v20170417-1558.jar:na]
	at org.eclipse.core.internal.events.BuildManager$1.run(BuildManager.java:301) [org.eclipse.core.resources_3.12.0.v20170417-1558.jar:na]
	at org.eclipse.core.runtime.SafeRunner.run(SafeRunner.java:42) [org.eclipse.equinox.common_3.9.0.v20170207-1454.jar:na]
	at org.eclipse.core.internal.events.BuildManager.basicBuild(BuildManager.java:304) [org.eclipse.core.resources_3.12.0.v20170417-1558.jar:na]
	at org.eclipse.core.internal.events.BuildManager.basicBuildLoop(BuildManager.java:360) [org.eclipse.core.resources_3.12.0.v20170417-1558.jar:na]
	at org.eclipse.core.internal.events.BuildManager.build(BuildManager.java:383) [org.eclipse.core.resources_3.12.0.v20170417-1558.jar:na]
	at org.eclipse.core.internal.events.AutoBuildJob.doBuild(AutoBuildJob.java:142) [org.eclipse.core.resources_3.12.0.v20170417-1558.jar:na]
	at org.eclipse.core.internal.events.AutoBuildJob.run(AutoBuildJob.java:232) [org.eclipse.core.resources_3.12.0.v20170417-1558.jar:na]
	at org.eclipse.core.internal.jobs.Worker.run(Worker.java:56) [org.eclipse.core.jobs_3.9.3.v20180115-1757.jar:na]
Caused by: org.apache.maven.model.io.ModelParseException: unexpected character in markup \r (position: END_TAG seen ...mework groupId</groupId>\r\nartifactId spring context artifactId\r\n<\r... @11:3) 
	at org.apache.maven.model.io.DefaultModelReader.read(DefaultModelReader.java:122) ~[maven-model-builder-3.3.9.jar:3.3.9]
	at org.apache.maven.model.io.DefaultModelReader.read(DefaultModelReader.java:86) ~[maven-model-builder-3.3.9.jar:3.3.9]
	at org.eclipse.m2e.core.internal.embedder.MavenImpl.readModel(MavenImpl.java:563) ~[org.eclipse.m2e.core_1.8.3.20180227-2137.jar:na]
	... 24 common frames omitted
Caused by: org.codehaus.plexus.util.xml.pull.XmlPullParserException: unexpected character in markup \r (position: END_TAG seen ...mework groupId</groupId>\r\nartifactId spring context artifactId\r\n<\r... @11:3) 
	at org.codehaus.plexus.util.xml.pull.MXParser.nextImpl(MXParser.java:1299) ~[plexus-utils-3.0.22.jar:na]
	at org.codehaus.plexus.util.xml.pull.MXParser.next(MXParser.java:1131) ~[plexus-utils-3.0.22.jar:na]
	at org.codehaus.plexus.util.xml.pull.MXParser.nextTag(MXParser.java:1116) ~[plexus-utils-3.0.22.jar:na]
	at org.apache.maven.model.io.xpp3.MavenXpp3Reader.parseDependency(MavenXpp3Reader.java:1350) ~[maven-model-3.3.9.jar:3.3.9]
	at org.apache.maven.model.io.xpp3.MavenXpp3Reader.parseModel(MavenXpp3Reader.java:2235) ~[maven-model-3.3.9.jar:3.3.9]
	at org.apache.maven.model.io.xpp3.MavenXpp3Reader.read(MavenXpp3Reader.java:3845) ~[maven-model-3.3.9.jar:3.3.9]
	at org.apache.maven.model.io.xpp3.MavenXpp3Reader.read(MavenXpp3Reader.java:595) ~[maven-model-3.3.9.jar:3.3.9]
	at org.apache.maven.model.io.DefaultModelReader.read(DefaultModelReader.java:117) ~[maven-model-builder-3.3.9.jar:3.3.9]
	... 26 common frames omitted
2020-07-08 16:37:53,946 [Worker-1353] ERROR o.e.m.c.i.p.r.ProjectRegistryManager - Failed to read Maven project: 1 problem was encountered while building the effective model
[FATAL] Non-parseable POM C:\Spring\Project1\testPjt01\pom.xml: expected = after attribute name (position: TEXT seen ...</groupId>\r\n\t\t\t<artifactId spring c... @10:24)  @ line 10, column 24
 for project  at C:\Spring\Project1\testPjt01\pom.xml
org.apache.maven.project.ProjectBuildingException: 1 problem was encountered while building the effective model
[FATAL] Non-parseable POM C:\Spring\Project1\testPjt01\pom.xml: expected = after attribute name (position: TEXT seen ...</groupId>\r\n\t\t\t<artifactId spring c... @10:24)  @ line 10, column 24
 for project  at C:\Spring\Project1\testPjt01\pom.xml
	at org.apache.maven.project.DefaultProjectBuilder.build(DefaultProjectBuilder.java:168) ~[maven-core-3.3.9.jar:3.3.9]
	at org.apache.maven.project.DefaultProjectBuilder.build(DefaultProjectBuilder.java:119) ~[maven-core-3.3.9.jar:3.3.9]
	at org.eclipse.m2e.core.internal.embedder.MavenImpl.readMavenProject(MavenImpl.java:636) ~[org.eclipse.m2e.core_1.8.3.20180227-2137.jar:na]
	at org.eclipse.m2e.core.internal.project.registry.ProjectRegistryManager$5.call(ProjectRegistryManager.java:816) ~[org.eclipse.m2e.core_1.8.3.20180227-2137.jar:na]
	at org.eclipse.m2e.core.internal.project.registry.ProjectRegistryManager$5.call(ProjectRegistryManager.java:1) ~[org.eclipse.m2e.core_1.8.3.20180227-2137.jar:na]
	at org.eclipse.m2e.core.internal.embedder.MavenExecutionContext.executeBare(MavenExecutionContext.java:177) ~[org.eclipse.m2e.core_1.8.3.20180227-2137.jar:na]
	at org.eclipse.m2e.core.internal.embedder.MavenExecutionContext.execute(MavenExecutionContext.java:151) ~[org.eclipse.m2e.core_1.8.3.20180227-2137.jar:na]
	at org.eclipse.m2e.core.internal.embedder.MavenExecutionContext.execute(MavenExecutionContext.java:99) ~[org.eclipse.m2e.core_1.8.3.20180227-2137.jar:na]
	at org.eclipse.m2e.core.internal.project.registry.ProjectRegistryManager.execute(ProjectRegistryManager.java:967) ~[org.eclipse.m2e.core_1.8.3.20180227-2137.jar:na]
	at org.eclipse.m2e.core.internal.project.registry.ProjectRegistryManager.readProjectWithDependencies(ProjectRegistryManager.java:811) ~[org.eclipse.m2e.core_1.8.3.20180227-2137.jar:na]
	at org.eclipse.m2e.core.internal.project.registry.ProjectRegistryManager.create(ProjectRegistryManager.java:192) ~[org.eclipse.m2e.core_1.8.3.20180227-2137.jar:na]
	at org.eclipse.m2e.core.internal.project.registry.MavenProjectManager.create(MavenProjectManager.java:80) [org.eclipse.m2e.core_1.8.3.20180227-2137.jar:na]
	at org.eclipse.m2e.core.ui.internal.actions.SelectionUtil.getMavenProject(SelectionUtil.java:259) [org.eclipse.m2e.core.ui_1.8.3.20180227-2137.jar:na]
	at org.eclipse.m2e.editor.pom.MavenPomEditor.readMavenProject(MavenPomEditor.java:742) [org.eclipse.m2e.editor_1.8.3.20180227-2137.jar:na]
	at org.eclipse.m2e.editor.pom.MavenPomEditor$5.run(MavenPomEditor.java:1077) [org.eclipse.m2e.editor_1.8.3.20180227-2137.jar:na]
	at org.eclipse.core.internal.jobs.Worker.run(Worker.java:56) [org.eclipse.core.jobs_3.9.3.v20180115-1757.jar:na]
Caused by: org.apache.maven.model.building.ModelBuildingException: 1 problem was encountered while building the effective model
[FATAL] Non-parseable POM C:\Spring\Project1\testPjt01\pom.xml: expected = after attribute name (position: TEXT seen ...</groupId>\r\n\t\t\t<artifactId spring c... @10:24)  @ line 10, column 24

	at org.apache.maven.model.building.DefaultModelProblemCollector.newModelBuildingException(DefaultModelProblemCollector.java:197) ~[maven-model-builder-3.3.9.jar:3.3.9]
	at org.apache.maven.model.building.DefaultModelBuilder.readModel(DefaultModelBuilder.java:579) ~[maven-model-builder-3.3.9.jar:3.3.9]
	at org.apache.maven.model.building.DefaultModelBuilder.build(DefaultModelBuilder.java:273) ~[maven-model-builder-3.3.9.jar:3.3.9]
	at org.apache.maven.project.DefaultProjectBuilder.build(DefaultProjectBuilder.java:161) ~[maven-core-3.3.9.jar:3.3.9]
	... 15 common frames omitted
2020-07-08 16:37:54,207 [Worker-1357] ERROR o.e.m.c.i.p.r.ProjectRegistryManager - Could not read pom.xml
org.eclipse.core.runtime.CoreException: Could not read pom.xml
	at org.eclipse.m2e.core.internal.embedder.MavenImpl.readModel(MavenImpl.java:565) ~[org.eclipse.m2e.core_1.8.3.20180227-2137.jar:na]
	at org.eclipse.m2e.core.internal.embedder.MavenImpl.readModel(MavenImpl.java:574) ~[org.eclipse.m2e.core_1.8.3.20180227-2137.jar:na]
	at org.eclipse.m2e.core.internal.project.registry.ProjectRegistryManager.refreshPhase2(ProjectRegistryManager.java:542) [org.eclipse.m2e.core_1.8.3.20180227-2137.jar:na]
	at org.eclipse.m2e.core.internal.project.registry.ProjectRegistryManager.refresh(ProjectRegistryManager.java:498) [org.eclipse.m2e.core_1.8.3.20180227-2137.jar:na]
	at org.eclipse.m2e.core.internal.project.registry.ProjectRegistryManager.refresh(ProjectRegistryManager.java:351) [org.eclipse.m2e.core_1.8.3.20180227-2137.jar:na]
	at org.eclipse.m2e.core.internal.project.registry.ProjectRegistryManager.refresh(ProjectRegistryManager.java:298) [org.eclipse.m2e.core_1.8.3.20180227-2137.jar:na]
	at org.eclipse.m2e.core.internal.builder.MavenBuilder$BuildMethod.getProjectFacade(MavenBuilder.java:154) [org.eclipse.m2e.core_1.8.3.20180227-2137.jar:na]
	at org.eclipse.m2e.core.internal.builder.MavenBuilder$BuildMethod$1.call(MavenBuilder.java:89) [org.eclipse.m2e.core_1.8.3.20180227-2137.jar:na]
	at org.eclipse.m2e.core.internal.embedder.MavenExecutionContext.executeBare(MavenExecutionContext.java:177) [org.eclipse.m2e.core_1.8.3.20180227-2137.jar:na]
	at org.eclipse.m2e.core.internal.embedder.MavenExecutionContext.execute(MavenExecutionContext.java:151) [org.eclipse.m2e.core_1.8.3.20180227-2137.jar:na]
	at org.eclipse.m2e.core.internal.embedder.MavenExecutionContext.execute(MavenExecutionContext.java:99) [org.eclipse.m2e.core_1.8.3.20180227-2137.jar:na]
	at org.eclipse.m2e.core.internal.builder.MavenBuilder$BuildMethod.execute(MavenBuilder.java:86) [org.eclipse.m2e.core_1.8.3.20180227-2137.jar:na]
	at org.eclipse.m2e.core.internal.builder.MavenBuilder.build(MavenBuilder.java:200) [org.eclipse.m2e.core_1.8.3.20180227-2137.jar:na]
	at org.eclipse.core.internal.events.BuildManager$2.run(BuildManager.java:735) [org.eclipse.core.resources_3.12.0.v20170417-1558.jar:na]
	at org.eclipse.core.runtime.SafeRunner.run(SafeRunner.java:42) [org.eclipse.equinox.common_3.9.0.v20170207-1454.jar:na]
	at org.eclipse.core.internal.events.BuildManager.basicBuild(BuildManager.java:206) [org.eclipse.core.resources_3.12.0.v20170417-1558.jar:na]
	at org.eclipse.core.internal.events.BuildManager.basicBuild(BuildManager.java:246) [org.eclipse.core.resources_3.12.0.v20170417-1558.jar:na]
	at org.eclipse.core.internal.events.BuildManager$1.run(BuildManager.java:301) [org.eclipse.core.resources_3.12.0.v20170417-1558.jar:na]
	at org.eclipse.core.runtime.SafeRunner.run(SafeRunner.java:42) [org.eclipse.equinox.common_3.9.0.v20170207-1454.jar:na]
	at org.eclipse.core.internal.events.BuildManager.basicBuild(BuildManager.java:304) [org.eclipse.core.resources_3.12.0.v20170417-1558.jar:na]
	at org.eclipse.core.internal.events.BuildManager.basicBuildLoop(BuildManager.java:360) [org.eclipse.core.resources_3.12.0.v20170417-1558.jar:na]
	at org.eclipse.core.internal.events.BuildManager.build(BuildManager.java:383) [org.eclipse.core.resources_3.12.0.v20170417-1558.jar:na]
	at org.eclipse.core.internal.events.AutoBuildJob.doBuild(AutoBuildJob.java:142) [org.eclipse.core.resources_3.12.0.v20170417-1558.jar:na]
	at org.eclipse.core.internal.events.AutoBuildJob.run(AutoBuildJob.java:232) [org.eclipse.core.resources_3.12.0.v20170417-1558.jar:na]
	at org.eclipse.core.internal.jobs.Worker.run(Worker.java:56) [org.eclipse.core.jobs_3.9.3.v20180115-1757.jar:na]
Caused by: org.apache.maven.model.io.ModelParseException: expected = after attribute name (position: TEXT seen ...</groupId>\r\n\t\t\t<artifactId spring c... @10:24) 
	at org.apache.maven.model.io.DefaultModelReader.read(DefaultModelReader.java:122) ~[maven-model-builder-3.3.9.jar:3.3.9]
	at org.apache.maven.model.io.DefaultModelReader.read(DefaultModelReader.java:86) ~[maven-model-builder-3.3.9.jar:3.3.9]
	at org.eclipse.m2e.core.internal.embedder.MavenImpl.readModel(MavenImpl.java:563) ~[org.eclipse.m2e.core_1.8.3.20180227-2137.jar:na]
	... 24 common frames omitted
Caused by: org.codehaus.plexus.util.xml.pull.XmlPullParserException: expected = after attribute name (position: TEXT seen ...</groupId>\r\n\t\t\t<artifactId spring c... @10:24) 
	at org.codehaus.plexus.util.xml.pull.MXParser.parseAttribute(MXParser.java:2042) ~[plexus-utils-3.0.22.jar:na]
	at org.codehaus.plexus.util.xml.pull.MXParser.parseStartTag(MXParser.java:1837) ~[plexus-utils-3.0.22.jar:na]
	at org.codehaus.plexus.util.xml.pull.MXParser.nextImpl(MXParser.java:1165) ~[plexus-utils-3.0.22.jar:na]
	at org.codehaus.plexus.util.xml.pull.MXParser.next(MXParser.java:1131) ~[plexus-utils-3.0.22.jar:na]
	at org.codehaus.plexus.util.xml.pull.MXParser.nextTag(MXParser.java:1118) ~[plexus-utils-3.0.22.jar:na]
	at org.apache.maven.model.io.xpp3.MavenXpp3Reader.parseDependency(MavenXpp3Reader.java:1350) ~[maven-model-3.3.9.jar:3.3.9]
	at org.apache.maven.model.io.xpp3.MavenXpp3Reader.parseModel(MavenXpp3Reader.java:2235) ~[maven-model-3.3.9.jar:3.3.9]
	at org.apache.maven.model.io.xpp3.MavenXpp3Reader.read(MavenXpp3Reader.java:3845) ~[maven-model-3.3.9.jar:3.3.9]
	at org.apache.maven.model.io.xpp3.MavenXpp3Reader.read(MavenXpp3Reader.java:595) ~[maven-model-3.3.9.jar:3.3.9]
	at org.apache.maven.model.io.DefaultModelReader.read(DefaultModelReader.java:117) ~[maven-model-builder-3.3.9.jar:3.3.9]
	... 26 common frames omitted
2020-07-08 16:38:08,362 [Worker-1393] ERROR o.e.m.c.i.p.r.ProjectRegistryManager - Failed to read Maven project: 1 problem was encountered while building the effective model
[FATAL] Non-parseable POM C:\Spring\Project1\testPjt01\pom.xml: expected name start and not \r (position: TEXT seen ...</artifactId>\r\nversion 4.1.0.RELEASE version\r\n</\r... @12:4)  @ line 12, column 4
 for project  at C:\Spring\Project1\testPjt01\pom.xml
org.apache.maven.project.ProjectBuildingException: 1 problem was encountered while building the effective model
[FATAL] Non-parseable POM C:\Spring\Project1\testPjt01\pom.xml: expected name start and not \r (position: TEXT seen ...</artifactId>\r\nversion 4.1.0.RELEASE version\r\n</\r... @12:4)  @ line 12, column 4
 for project  at C:\Spring\Project1\testPjt01\pom.xml
	at org.apache.maven.project.DefaultProjectBuilder.build(DefaultProjectBuilder.java:168) ~[maven-core-3.3.9.jar:3.3.9]
	at org.apache.maven.project.DefaultProjectBuilder.build(DefaultProjectBuilder.java:119) ~[maven-core-3.3.9.jar:3.3.9]
	at org.eclipse.m2e.core.internal.embedder.MavenImpl.readMavenProject(MavenImpl.java:636) ~[org.eclipse.m2e.core_1.8.3.20180227-2137.jar:na]
	at org.eclipse.m2e.core.internal.project.registry.ProjectRegistryManager$5.call(ProjectRegistryManager.java:816) ~[org.eclipse.m2e.core_1.8.3.20180227-2137.jar:na]
	at org.eclipse.m2e.core.internal.project.registry.ProjectRegistryManager$5.call(ProjectRegistryManager.java:1) ~[org.eclipse.m2e.core_1.8.3.20180227-2137.jar:na]
	at org.eclipse.m2e.core.internal.embedder.MavenExecutionContext.executeBare(MavenExecutionContext.java:177) ~[org.eclipse.m2e.core_1.8.3.20180227-2137.jar:na]
	at org.eclipse.m2e.core.internal.embedder.MavenExecutionContext.execute(MavenExecutionContext.java:151) ~[org.eclipse.m2e.core_1.8.3.20180227-2137.jar:na]
	at org.eclipse.m2e.core.internal.embedder.MavenExecutionContext.execute(MavenExecutionContext.java:99) ~[org.eclipse.m2e.core_1.8.3.20180227-2137.jar:na]
	at org.eclipse.m2e.core.internal.project.registry.ProjectRegistryManager.execute(ProjectRegistryManager.java:967) ~[org.eclipse.m2e.core_1.8.3.20180227-2137.jar:na]
	at org.eclipse.m2e.core.internal.project.registry.ProjectRegistryManager.readProjectWithDependencies(ProjectRegistryManager.java:811) ~[org.eclipse.m2e.core_1.8.3.20180227-2137.jar:na]
	at org.eclipse.m2e.core.internal.project.registry.ProjectRegistryManager.create(ProjectRegistryManager.java:192) ~[org.eclipse.m2e.core_1.8.3.20180227-2137.jar:na]
	at org.eclipse.m2e.core.internal.project.registry.MavenProjectManager.create(MavenProjectManager.java:80) [org.eclipse.m2e.core_1.8.3.20180227-2137.jar:na]
	at org.eclipse.m2e.core.ui.internal.actions.SelectionUtil.getMavenProject(SelectionUtil.java:259) [org.eclipse.m2e.core.ui_1.8.3.20180227-2137.jar:na]
	at org.eclipse.m2e.editor.pom.MavenPomEditor.readMavenProject(MavenPomEditor.java:742) [org.eclipse.m2e.editor_1.8.3.20180227-2137.jar:na]
	at org.eclipse.m2e.editor.pom.MavenPomEditor$5.run(MavenPomEditor.java:1077) [org.eclipse.m2e.editor_1.8.3.20180227-2137.jar:na]
	at org.eclipse.core.internal.jobs.Worker.run(Worker.java:56) [org.eclipse.core.jobs_3.9.3.v20180115-1757.jar:na]
Caused by: org.apache.maven.model.building.ModelBuildingException: 1 problem was encountered while building the effective model
[FATAL] Non-parseable POM C:\Spring\Project1\testPjt01\pom.xml: expected name start and not \r (position: TEXT seen ...</artifactId>\r\nversion 4.1.0.RELEASE version\r\n</\r... @12:4)  @ line 12, column 4

	at org.apache.maven.model.building.DefaultModelProblemCollector.newModelBuildingException(DefaultModelProblemCollector.java:197) ~[maven-model-builder-3.3.9.jar:3.3.9]
	at org.apache.maven.model.building.DefaultModelBuilder.readModel(DefaultModelBuilder.java:579) ~[maven-model-builder-3.3.9.jar:3.3.9]
	at org.apache.maven.model.building.DefaultModelBuilder.build(DefaultModelBuilder.java:273) ~[maven-model-builder-3.3.9.jar:3.3.9]
	at org.apache.maven.project.DefaultProjectBuilder.build(DefaultProjectBuilder.java:161) ~[maven-core-3.3.9.jar:3.3.9]
	... 15 common frames omitted
2020-07-08 16:38:11,397 [Worker-1397] ERROR o.e.m.c.i.p.r.ProjectRegistryManager - Could not read pom.xml
org.eclipse.core.runtime.CoreException: Could not read pom.xml
	at org.eclipse.m2e.core.internal.embedder.MavenImpl.readModel(MavenImpl.java:565) ~[org.eclipse.m2e.core_1.8.3.20180227-2137.jar:na]
	at org.eclipse.m2e.core.internal.embedder.MavenImpl.readModel(MavenImpl.java:574) ~[org.eclipse.m2e.core_1.8.3.20180227-2137.jar:na]
	at org.eclipse.m2e.core.internal.project.registry.ProjectRegistryManager.refreshPhase2(ProjectRegistryManager.java:542) [org.eclipse.m2e.core_1.8.3.20180227-2137.jar:na]
	at org.eclipse.m2e.core.internal.project.registry.ProjectRegistryManager.refresh(ProjectRegistryManager.java:498) [org.eclipse.m2e.core_1.8.3.20180227-2137.jar:na]
	at org.eclipse.m2e.core.internal.project.registry.ProjectRegistryManager.refresh(ProjectRegistryManager.java:351) [org.eclipse.m2e.core_1.8.3.20180227-2137.jar:na]
	at org.eclipse.m2e.core.internal.project.registry.ProjectRegistryManager.refresh(ProjectRegistryManager.java:298) [org.eclipse.m2e.core_1.8.3.20180227-2137.jar:na]
	at org.eclipse.m2e.core.internal.builder.MavenBuilder$BuildMethod.getProjectFacade(MavenBuilder.java:154) [org.eclipse.m2e.core_1.8.3.20180227-2137.jar:na]
	at org.eclipse.m2e.core.internal.builder.MavenBuilder$BuildMethod$1.call(MavenBuilder.java:89) [org.eclipse.m2e.core_1.8.3.20180227-2137.jar:na]
	at org.eclipse.m2e.core.internal.embedder.MavenExecutionContext.executeBare(MavenExecutionContext.java:177) [org.eclipse.m2e.core_1.8.3.20180227-2137.jar:na]
	at org.eclipse.m2e.core.internal.embedder.MavenExecutionContext.execute(MavenExecutionContext.java:151) [org.eclipse.m2e.core_1.8.3.20180227-2137.jar:na]
	at org.eclipse.m2e.core.internal.embedder.MavenExecutionContext.execute(MavenExecutionContext.java:99) [org.eclipse.m2e.core_1.8.3.20180227-2137.jar:na]
	at org.eclipse.m2e.core.internal.builder.MavenBuilder$BuildMethod.execute(MavenBuilder.java:86) [org.eclipse.m2e.core_1.8.3.20180227-2137.jar:na]
	at org.eclipse.m2e.core.internal.builder.MavenBuilder.build(MavenBuilder.java:200) [org.eclipse.m2e.core_1.8.3.20180227-2137.jar:na]
	at org.eclipse.core.internal.events.BuildManager$2.run(BuildManager.java:735) [org.eclipse.core.resources_3.12.0.v20170417-1558.jar:na]
	at org.eclipse.core.runtime.SafeRunner.run(SafeRunner.java:42) [org.eclipse.equinox.common_3.9.0.v20170207-1454.jar:na]
	at org.eclipse.core.internal.events.BuildManager.basicBuild(BuildManager.java:206) [org.eclipse.core.resources_3.12.0.v20170417-1558.jar:na]
	at org.eclipse.core.internal.events.BuildManager.basicBuild(BuildManager.java:246) [org.eclipse.core.resources_3.12.0.v20170417-1558.jar:na]
	at org.eclipse.core.internal.events.BuildManager$1.run(BuildManager.java:301) [org.eclipse.core.resources_3.12.0.v20170417-1558.jar:na]
	at org.eclipse.core.runtime.SafeRunner.run(SafeRunner.java:42) [org.eclipse.equinox.common_3.9.0.v20170207-1454.jar:na]
	at org.eclipse.core.internal.events.BuildManager.basicBuild(BuildManager.java:304) [org.eclipse.core.resources_3.12.0.v20170417-1558.jar:na]
	at org.eclipse.core.internal.events.BuildManager.basicBuildLoop(BuildManager.java:360) [org.eclipse.core.resources_3.12.0.v20170417-1558.jar:na]
	at org.eclipse.core.internal.events.BuildManager.build(BuildManager.java:383) [org.eclipse.core.resources_3.12.0.v20170417-1558.jar:na]
	at org.eclipse.core.internal.events.AutoBuildJob.doBuild(AutoBuildJob.java:142) [org.eclipse.core.resources_3.12.0.v20170417-1558.jar:na]
	at org.eclipse.core.internal.events.AutoBuildJob.run(AutoBuildJob.java:232) [org.eclipse.core.resources_3.12.0.v20170417-1558.jar:na]
	at org.eclipse.core.internal.jobs.Worker.run(Worker.java:56) [org.eclipse.core.jobs_3.9.3.v20180115-1757.jar:na]
Caused by: org.apache.maven.model.io.ModelParseException: expected START_TAG or END_TAG not TEXT (position: TEXT seen ...</artifactId>\r\nversion 4.1.0.RELEASE version\r\n</... @12:3) 
	at org.apache.maven.model.io.DefaultModelReader.read(DefaultModelReader.java:122) ~[maven-model-builder-3.3.9.jar:3.3.9]
	at org.apache.maven.model.io.DefaultModelReader.read(DefaultModelReader.java:86) ~[maven-model-builder-3.3.9.jar:3.3.9]
	at org.eclipse.m2e.core.internal.embedder.MavenImpl.readModel(MavenImpl.java:563) ~[org.eclipse.m2e.core_1.8.3.20180227-2137.jar:na]
	... 24 common frames omitted
Caused by: org.codehaus.plexus.util.xml.pull.XmlPullParserException: expected START_TAG or END_TAG not TEXT (position: TEXT seen ...</artifactId>\r\nversion 4.1.0.RELEASE version\r\n</... @12:3) 
	at org.codehaus.plexus.util.xml.pull.MXParser.nextTag(MXParser.java:1121) ~[plexus-utils-3.0.22.jar:na]
	at org.apache.maven.model.io.xpp3.MavenXpp3Reader.parseDependency(MavenXpp3Reader.java:1350) ~[maven-model-3.3.9.jar:3.3.9]
	at org.apache.maven.model.io.xpp3.MavenXpp3Reader.parseModel(MavenXpp3Reader.java:2235) ~[maven-model-3.3.9.jar:3.3.9]
	at org.apache.maven.model.io.xpp3.MavenXpp3Reader.read(MavenXpp3Reader.java:3845) ~[maven-model-3.3.9.jar:3.3.9]
	at org.apache.maven.model.io.xpp3.MavenXpp3Reader.read(MavenXpp3Reader.java:595) ~[maven-model-3.3.9.jar:3.3.9]
	at org.apache.maven.model.io.DefaultModelReader.read(DefaultModelReader.java:117) ~[maven-model-builder-3.3.9.jar:3.3.9]
	... 26 common frames omitted
2020-07-08 16:39:04,095 [Worker-1460] INFO  o.e.m.c.i.e.AbstractTransferListenerAdapter - Downloaded https://repo.maven.apache.org/maven2/org/springframework/spring context/4.1.0.RELEASE/spring context-4.1.0.RELEASE.pom
2020-07-08 16:39:04,103 [Worker-1460] WARN  o.e.m.c.i.embedder.EclipseLogger - The POM for org.springframework:spring context:jar:4.1.0.RELEASE is missing, no dependency information available
2020-07-08 16:39:04,367 [Worker-1460] INFO  o.e.m.c.i.e.AbstractTransferListenerAdapter - Downloaded https://repo.maven.apache.org/maven2/org/springframework/spring context/4.1.0.RELEASE/spring context-4.1.0.RELEASE.jar
2020-07-08 16:39:04,374 [Worker-1460] WARN  o.e.m.c.i.embedder.EclipseLogger - The POM for org.springframework:spring context:jar:4.1.0.RELEASE is missing, no dependency information available
2020-07-08 16:39:04,924 [Worker-1466] INFO  o.e.m.c.i.l.LifecycleMappingFactory - Using org.eclipse.m2e.jdt.JarLifecycleMapping lifecycle mapping for MavenProject: spring4:testPjt01:0.0.1-SNAPSHOT @ C:\Spring\Project1\testPjt01\pom.xml.
2020-07-08 16:39:04,927 [Worker-1466] WARN  o.e.m.c.i.embedder.EclipseLogger - The POM for org.springframework:spring context:jar:4.1.0.RELEASE is missing, no dependency information available
2020-07-08 16:39:05,229 [Worker-1466] WARN  o.e.m.c.i.embedder.EclipseLogger - Using platform encoding (MS949 actually) to copy filtered resources, i.e. build is platform dependent!
2020-07-08 16:39:05,230 [Worker-1466] INFO  o.e.m.c.i.embedder.EclipseLogger - Copying 0 resource
2020-07-08 16:39:05,232 [Worker-1466] WARN  o.e.m.c.i.embedder.EclipseLogger - Using platform encoding (MS949 actually) to copy filtered resources, i.e. build is platform dependent!
2020-07-08 16:39:05,233 [Worker-1466] INFO  o.e.m.c.i.embedder.EclipseLogger - Copying 0 resource
2020-07-08 16:41:07,653 [Worker-1576] INFO  o.e.m.c.i.p.ProjectConfigurationManager - Update started
2020-07-08 16:41:08,874 [Worker-1576] INFO  o.e.m.c.i.l.LifecycleMappingFactory - Using org.eclipse.m2e.jdt.JarLifecycleMapping lifecycle mapping for MavenProject: spring4:testPjt01:0.0.1-SNAPSHOT @ C:\Spring\Project1\testPjt01\pom.xml.
2020-07-08 16:41:08,877 [Worker-1576] WARN  o.e.m.c.i.embedder.EclipseLogger - The POM for org.springframework:spring context:jar:4.1.0.RELEASE is missing, no dependency information available
2020-07-08 16:41:09,158 [Worker-1576] INFO  o.e.m.j.i.AbstractJavaProjectConfigurator - Adding source folder /testPjt01/src/main/java
2020-07-08 16:41:09,159 [Worker-1576] INFO  o.e.m.j.i.AbstractJavaProjectConfigurator - Adding resource folder /testPjt01/src/main/resources
2020-07-08 16:41:09,160 [Worker-1576] INFO  o.e.m.j.i.AbstractJavaProjectConfigurator - Adding source folder /testPjt01/src/test/java
2020-07-08 16:41:09,161 [Worker-1576] INFO  o.e.m.j.i.AbstractJavaProjectConfigurator - Adding resource folder /testPjt01/src/test/resources
2020-07-08 16:41:09,377 [Worker-1576] INFO  o.e.m.c.i.p.ProjectConfigurationManager - Update completed: 1 sec
2020-07-08 16:41:09,548 [Worker-1599] WARN  o.e.m.c.i.embedder.EclipseLogger - The POM for org.springframework:spring context:jar:4.1.0.RELEASE is missing, no dependency information available
2020-07-08 16:41:09,594 [Worker-1599] WARN  o.e.m.c.i.embedder.EclipseLogger - Using platform encoding (MS949 actually) to copy filtered resources, i.e. build is platform dependent!
2020-07-08 16:41:09,596 [Worker-1599] INFO  o.e.m.c.i.embedder.EclipseLogger - Copying 0 resource
2020-07-08 16:41:09,602 [Worker-1599] WARN  o.e.m.c.i.embedder.EclipseLogger - Using platform encoding (MS949 actually) to copy filtered resources, i.e. build is platform dependent!
2020-07-08 16:41:09,604 [Worker-1599] INFO  o.e.m.c.i.embedder.EclipseLogger - Copying 0 resource
2020-07-08 16:41:34,052 [Worker-1641] INFO  o.e.m.c.i.p.ProjectConfigurationManager - Update started
2020-07-08 16:41:34,444 [Worker-1641] INFO  o.e.m.c.i.l.LifecycleMappingFactory - Using org.eclipse.m2e.jdt.JarLifecycleMapping lifecycle mapping for MavenProject: spring4:testPjt01:0.0.1-SNAPSHOT @ C:\Spring\Project1\testPjt01\pom.xml.
2020-07-08 16:41:34,447 [Worker-1641] WARN  o.e.m.c.i.embedder.EclipseLogger - The POM for org.springframework:spring context:jar:4.1.0.RELEASE is missing, no dependency information available
2020-07-08 16:41:34,603 [Worker-1641] INFO  o.e.m.j.i.AbstractJavaProjectConfigurator - Adding source folder /testPjt01/src/main/java
2020-07-08 16:41:34,604 [Worker-1641] INFO  o.e.m.j.i.AbstractJavaProjectConfigurator - Adding resource folder /testPjt01/src/main/resources
2020-07-08 16:41:34,604 [Worker-1641] INFO  o.e.m.j.i.AbstractJavaProjectConfigurator - Adding source folder /testPjt01/src/test/java
2020-07-08 16:41:34,605 [Worker-1641] INFO  o.e.m.j.i.AbstractJavaProjectConfigurator - Adding resource folder /testPjt01/src/test/resources
2020-07-08 16:41:34,724 [Worker-1641] INFO  o.e.m.c.i.p.ProjectConfigurationManager - Update completed: 0 sec
2020-07-08 16:41:34,852 [Worker-1674] WARN  o.e.m.c.i.embedder.EclipseLogger - The POM for org.springframework:spring context:jar:4.1.0.RELEASE is missing, no dependency information available
2020-07-08 16:41:34,877 [Worker-1674] WARN  o.e.m.c.i.embedder.EclipseLogger - Using platform encoding (MS949 actually) to copy filtered resources, i.e. build is platform dependent!
2020-07-08 16:41:34,878 [Worker-1674] INFO  o.e.m.c.i.embedder.EclipseLogger - Copying 0 resource
2020-07-08 16:41:34,880 [Worker-1674] WARN  o.e.m.c.i.embedder.EclipseLogger - Using platform encoding (MS949 actually) to copy filtered resources, i.e. build is platform dependent!
2020-07-08 16:41:34,881 [Worker-1674] INFO  o.e.m.c.i.embedder.EclipseLogger - Copying 0 resource
2020-07-08 16:43:15,773 [Worker-1750] INFO  o.e.m.c.i.l.LifecycleMappingFactory - Using org.eclipse.m2e.jdt.JarLifecycleMapping lifecycle mapping for MavenProject: spring4:testPjt01:0.0.1-SNAPSHOT @ C:\Spring\Project1\testPjt01\pom.xml.
2020-07-08 16:43:15,777 [Worker-1750] WARN  o.e.m.c.i.embedder.EclipseLogger - The POM for org.springframework:spring context:jar:4.1.0.RELEASE is missing, no dependency information available
2020-07-08 16:43:15,965 [Worker-1750] WARN  o.e.m.c.i.embedder.EclipseLogger - Using platform encoding (MS949 actually) to copy filtered resources, i.e. build is platform dependent!
2020-07-08 16:43:15,967 [Worker-1750] INFO  o.e.m.c.i.embedder.EclipseLogger - Copying 0 resource
2020-07-08 16:43:15,969 [Worker-1750] WARN  o.e.m.c.i.embedder.EclipseLogger - Using platform encoding (MS949 actually) to copy filtered resources, i.e. build is platform dependent!
2020-07-08 16:43:15,971 [Worker-1750] INFO  o.e.m.c.i.embedder.EclipseLogger - Copying 0 resource
2020-07-08 16:43:18,574 [Worker-1779] WARN  o.e.m.c.i.embedder.EclipseLogger - The POM for org.springframework:spring context:jar:4.1.0.RELEASE is missing, no dependency information available
2020-07-08 16:43:20,429 [Worker-1785] INFO  o.e.m.c.i.l.LifecycleMappingFactory - Using org.eclipse.m2e.jdt.JarLifecycleMapping lifecycle mapping for MavenProject: spring4:testPjt01:0.0.1-SNAPSHOT @ C:\Spring\Project1\testPjt01\pom.xml.
2020-07-08 16:43:20,431 [Worker-1785] WARN  o.e.m.c.i.embedder.EclipseLogger - The POM for org.springframework:spring context:jar:4.1.0.RELEASE is missing, no dependency information available
2020-07-08 16:43:20,607 [Worker-1785] WARN  o.e.m.c.i.embedder.EclipseLogger - Using platform encoding (MS949 actually) to copy filtered resources, i.e. build is platform dependent!
2020-07-08 16:43:20,610 [Worker-1785] INFO  o.e.m.c.i.embedder.EclipseLogger - Copying 0 resource
2020-07-08 16:43:20,612 [Worker-1785] WARN  o.e.m.c.i.embedder.EclipseLogger - Using platform encoding (MS949 actually) to copy filtered resources, i.e. build is platform dependent!
2020-07-08 16:43:20,613 [Worker-1785] INFO  o.e.m.c.i.embedder.EclipseLogger - Copying 0 resource
2020-07-08 16:43:27,109 [Worker-1813] WARN  o.e.m.c.i.embedder.EclipseLogger - The POM for org.springframework:spring context:jar:4.1.0.RELEASE is missing, no dependency information available
2020-07-08 16:43:35,326 [Worker-1820] INFO  o.e.m.c.i.l.LifecycleMappingFactory - Using org.eclipse.m2e.jdt.JarLifecycleMapping lifecycle mapping for MavenProject: spring4:testPjt01:0.0.1-SNAPSHOT @ C:\Spring\Project1\testPjt01\pom.xml.
2020-07-08 16:43:35,328 [Worker-1820] WARN  o.e.m.c.i.embedder.EclipseLogger - The POM for org.springframework:spring context:jar:4.1.0.RELEASE is missing, no dependency information available
2020-07-08 16:43:35,486 [Worker-1820] WARN  o.e.m.c.i.embedder.EclipseLogger - Using platform encoding (MS949 actually) to copy filtered resources, i.e. build is platform dependent!
2020-07-08 16:43:35,489 [Worker-1820] INFO  o.e.m.c.i.embedder.EclipseLogger - Copying 0 resource
2020-07-08 16:43:35,491 [Worker-1820] WARN  o.e.m.c.i.embedder.EclipseLogger - Using platform encoding (MS949 actually) to copy filtered resources, i.e. build is platform dependent!
2020-07-08 16:43:35,492 [Worker-1820] INFO  o.e.m.c.i.embedder.EclipseLogger - Copying 0 resource
2020-07-08 16:44:57,725 [Worker-1898] WARN  o.e.m.c.i.embedder.EclipseLogger - The POM for org.springframework:spring context:jar:4.1.0.RELEASE is missing, no dependency information available
2020-07-08 16:44:59,788 [Worker-1906] INFO  o.e.m.c.i.l.LifecycleMappingFactory - Using org.eclipse.m2e.jdt.JarLifecycleMapping lifecycle mapping for MavenProject: spring4:testPjt01:0.0.1-SNAPSHOT @ C:\Spring\Project1\testPjt01\pom.xml.
2020-07-08 16:44:59,790 [Worker-1906] WARN  o.e.m.c.i.embedder.EclipseLogger - The POM for org.springframework:spring context:jar:4.1.0.RELEASE is missing, no dependency information available
2020-07-08 16:44:59,943 [Worker-1906] WARN  o.e.m.c.i.embedder.EclipseLogger - Using platform encoding (MS949 actually) to copy filtered resources, i.e. build is platform dependent!
2020-07-08 16:44:59,946 [Worker-1906] INFO  o.e.m.c.i.embedder.EclipseLogger - Copying 0 resource
2020-07-08 16:44:59,948 [Worker-1906] WARN  o.e.m.c.i.embedder.EclipseLogger - Using platform encoding (MS949 actually) to copy filtered resources, i.e. build is platform dependent!
2020-07-08 16:44:59,950 [Worker-1906] INFO  o.e.m.c.i.embedder.EclipseLogger - Copying 0 resource
2020-07-08 16:45:10,044 [Worker-1955] WARN  o.e.m.c.i.embedder.EclipseLogger - The POM for org.springframework:spring context:jar:4.1.0.RELEASE is missing, no dependency information available
2020-07-08 16:45:10,572 [Worker-1962] INFO  o.e.m.c.i.l.LifecycleMappingFactory - Using org.eclipse.m2e.jdt.JarLifecycleMapping lifecycle mapping for MavenProject: spring4:testPjt01:0.0.1-SNAPSHOT @ C:\Spring\Project1\testPjt01\pom.xml.
2020-07-08 16:45:10,574 [Worker-1962] WARN  o.e.m.c.i.embedder.EclipseLogger - The POM for org.springframework:spring context:jar:4.1.0.RELEASE is missing, no dependency information available
2020-07-08 16:45:10,708 [Worker-1962] WARN  o.e.m.c.i.embedder.EclipseLogger - Using platform encoding (MS949 actually) to copy filtered resources, i.e. build is platform dependent!
2020-07-08 16:45:10,711 [Worker-1962] INFO  o.e.m.c.i.embedder.EclipseLogger - Copying 0 resource
2020-07-08 16:45:10,712 [Worker-1962] WARN  o.e.m.c.i.embedder.EclipseLogger - Using platform encoding (MS949 actually) to copy filtered resources, i.e. build is platform dependent!
2020-07-08 16:45:10,714 [Worker-1962] INFO  o.e.m.c.i.embedder.EclipseLogger - Copying 0 resource
2020-07-08 16:45:26,533 [Worker-1980] INFO  o.e.m.c.i.p.ProjectConfigurationManager - Update started
2020-07-08 16:45:26,814 [Worker-1980] INFO  o.e.m.c.i.l.LifecycleMappingFactory - Using org.eclipse.m2e.jdt.JarLifecycleMapping lifecycle mapping for MavenProject: spring4:testPjt01:0.0.1-SNAPSHOT @ C:\Spring\Project1\testPjt01\pom.xml.
2020-07-08 16:45:26,816 [Worker-1980] WARN  o.e.m.c.i.embedder.EclipseLogger - The POM for org.springframework:spring context:jar:4.1.0.RELEASE is missing, no dependency information available
2020-07-08 16:45:26,950 [Worker-1980] INFO  o.e.m.j.i.AbstractJavaProjectConfigurator - Adding source folder /testPjt01/src/main/java
2020-07-08 16:45:26,951 [Worker-1980] INFO  o.e.m.j.i.AbstractJavaProjectConfigurator - Adding resource folder /testPjt01/src/main/resources
2020-07-08 16:45:26,957 [Worker-1980] INFO  o.e.m.j.i.AbstractJavaProjectConfigurator - Adding source folder /testPjt01/src/test/java
2020-07-08 16:45:26,958 [Worker-1980] INFO  o.e.m.j.i.AbstractJavaProjectConfigurator - Adding resource folder /testPjt01/src/test/resources
2020-07-08 16:45:27,123 [Worker-1980] INFO  o.e.m.c.i.p.ProjectConfigurationManager - Update completed: 0 sec
2020-07-08 16:45:27,353 [Worker-2015] WARN  o.e.m.c.i.embedder.EclipseLogger - The POM for org.springframework:spring context:jar:4.1.0.RELEASE is missing, no dependency information available
2020-07-08 16:45:27,378 [Worker-2015] WARN  o.e.m.c.i.embedder.EclipseLogger - Using platform encoding (MS949 actually) to copy filtered resources, i.e. build is platform dependent!
2020-07-08 16:45:27,380 [Worker-2015] INFO  o.e.m.c.i.embedder.EclipseLogger - Copying 0 resource
2020-07-08 16:45:27,382 [Worker-2015] WARN  o.e.m.c.i.embedder.EclipseLogger - Using platform encoding (MS949 actually) to copy filtered resources, i.e. build is platform dependent!
2020-07-08 16:45:27,383 [Worker-2015] INFO  o.e.m.c.i.embedder.EclipseLogger - Copying 0 resource
2020-07-08 16:46:36,248 [Worker-2056] INFO  o.e.m.c.i.l.LifecycleMappingFactory - Using org.eclipse.m2e.jdt.JarLifecycleMapping lifecycle mapping for MavenProject: spring4:testPjt01:0.0.1-SNAPSHOT @ C:\Spring\Project1\testPjt01\pom.xml.
2020-07-08 16:46:37,077 [Worker-2056] INFO  o.e.m.c.i.e.AbstractTransferListenerAdapter - Downloading https://repo.maven.apache.org/maven2/org/springframework/spring-context/4.1.0.RELEASE/spring-context-4.1.0.RELEASE.pom
2020-07-08 16:46:37,255 [Worker-2056] INFO  o.e.m.c.i.e.AbstractTransferListenerAdapter - Downloaded https://repo.maven.apache.org/maven2/org/springframework/spring-context/4.1.0.RELEASE/spring-context-4.1.0.RELEASE.pom
2020-07-08 16:46:37,420 [Worker-2056] INFO  o.e.m.c.i.e.AbstractTransferListenerAdapter - Downloading https://repo.maven.apache.org/maven2/org/springframework/spring-aop/4.1.0.RELEASE/spring-aop-4.1.0.RELEASE.pom
2020-07-08 16:46:37,580 [Worker-2056] INFO  o.e.m.c.i.e.AbstractTransferListenerAdapter - Downloaded https://repo.maven.apache.org/maven2/org/springframework/spring-aop/4.1.0.RELEASE/spring-aop-4.1.0.RELEASE.pom
2020-07-08 16:46:37,748 [Worker-2056] INFO  o.e.m.c.i.e.AbstractTransferListenerAdapter - Downloading https://repo.maven.apache.org/maven2/org/springframework/spring-beans/4.1.0.RELEASE/spring-beans-4.1.0.RELEASE.pom
2020-07-08 16:46:37,913 [Worker-2056] INFO  o.e.m.c.i.e.AbstractTransferListenerAdapter - Downloaded https://repo.maven.apache.org/maven2/org/springframework/spring-beans/4.1.0.RELEASE/spring-beans-4.1.0.RELEASE.pom
2020-07-08 16:46:38,075 [Worker-2056] INFO  o.e.m.c.i.e.AbstractTransferListenerAdapter - Downloading https://repo.maven.apache.org/maven2/org/springframework/spring-core/4.1.0.RELEASE/spring-core-4.1.0.RELEASE.pom
2020-07-08 16:46:38,237 [Worker-2056] INFO  o.e.m.c.i.e.AbstractTransferListenerAdapter - Downloaded https://repo.maven.apache.org/maven2/org/springframework/spring-core/4.1.0.RELEASE/spring-core-4.1.0.RELEASE.pom
2020-07-08 16:46:38,399 [Worker-2056] INFO  o.e.m.c.i.e.AbstractTransferListenerAdapter - Downloading https://repo.maven.apache.org/maven2/commons-logging/commons-logging/1.1.3/commons-logging-1.1.3.pom
2020-07-08 16:46:38,712 [Worker-2056] INFO  o.e.m.c.i.e.AbstractTransferListenerAdapter - Downloaded https://repo.maven.apache.org/maven2/commons-logging/commons-logging/1.1.3/commons-logging-1.1.3.pom
2020-07-08 16:46:38,875 [Worker-2056] INFO  o.e.m.c.i.e.AbstractTransferListenerAdapter - Downloading https://repo.maven.apache.org/maven2/org/apache/commons/commons-parent/28/commons-parent-28.pom
2020-07-08 16:46:39,204 [Worker-2056] INFO  o.e.m.c.i.e.AbstractTransferListenerAdapter - Downloaded https://repo.maven.apache.org/maven2/org/apache/commons/commons-parent/28/commons-parent-28.pom
2020-07-08 16:46:39,371 [Worker-2056] INFO  o.e.m.c.i.e.AbstractTransferListenerAdapter - Downloading https://repo.maven.apache.org/maven2/org/springframework/spring-expression/4.1.0.RELEASE/spring-expression-4.1.0.RELEASE.pom
2020-07-08 16:46:39,530 [Worker-2056] INFO  o.e.m.c.i.e.AbstractTransferListenerAdapter - Downloaded https://repo.maven.apache.org/maven2/org/springframework/spring-expression/4.1.0.RELEASE/spring-expression-4.1.0.RELEASE.pom
2020-07-08 16:46:39,723 [Worker-2056] INFO  o.e.m.c.i.e.AbstractTransferListenerAdapter - Downloading https://repo.maven.apache.org/maven2/org/springframework/spring-context/4.1.0.RELEASE/spring-context-4.1.0.RELEASE.jar
2020-07-08 16:46:40,618 [Worker-2056] INFO  o.e.m.c.i.e.AbstractTransferListenerAdapter - Downloaded https://repo.maven.apache.org/maven2/org/springframework/spring-context/4.1.0.RELEASE/spring-context-4.1.0.RELEASE.jar
2020-07-08 16:46:40,774 [Worker-2056] INFO  o.e.m.c.i.e.AbstractTransferListenerAdapter - Downloading https://repo.maven.apache.org/maven2/org/springframework/spring-aop/4.1.0.RELEASE/spring-aop-4.1.0.RELEASE.jar
2020-07-08 16:46:40,981 [Worker-2056] INFO  o.e.m.c.i.e.AbstractTransferListenerAdapter - Downloaded https://repo.maven.apache.org/maven2/org/springframework/spring-aop/4.1.0.RELEASE/spring-aop-4.1.0.RELEASE.jar
2020-07-08 16:46:41,141 [Worker-2056] INFO  o.e.m.c.i.e.AbstractTransferListenerAdapter - Downloading https://repo.maven.apache.org/maven2/org/springframework/spring-beans/4.1.0.RELEASE/spring-beans-4.1.0.RELEASE.jar
2020-07-08 16:46:41,580 [Worker-2056] INFO  o.e.m.c.i.e.AbstractTransferListenerAdapter - Downloaded https://repo.maven.apache.org/maven2/org/springframework/spring-beans/4.1.0.RELEASE/spring-beans-4.1.0.RELEASE.jar
2020-07-08 16:46:41,734 [Worker-2056] INFO  o.e.m.c.i.e.AbstractTransferListenerAdapter - Downloading https://repo.maven.apache.org/maven2/org/springframework/spring-core/4.1.0.RELEASE/spring-core-4.1.0.RELEASE.jar
2020-07-08 16:46:42,071 [Worker-2056] INFO  o.e.m.c.i.e.AbstractTransferListenerAdapter - Downloaded https://repo.maven.apache.org/maven2/org/springframework/spring-core/4.1.0.RELEASE/spring-core-4.1.0.RELEASE.jar
2020-07-08 16:46:42,228 [Worker-2056] INFO  o.e.m.c.i.e.AbstractTransferListenerAdapter - Downloading https://repo.maven.apache.org/maven2/commons-logging/commons-logging/1.1.3/commons-logging-1.1.3.jar
2020-07-08 16:46:42,399 [Worker-2056] INFO  o.e.m.c.i.e.AbstractTransferListenerAdapter - Downloaded https://repo.maven.apache.org/maven2/commons-logging/commons-logging/1.1.3/commons-logging-1.1.3.jar
2020-07-08 16:46:42,555 [Worker-2056] INFO  o.e.m.c.i.e.AbstractTransferListenerAdapter - Downloading https://repo.maven.apache.org/maven2/org/springframework/spring-expression/4.1.0.RELEASE/spring-expression-4.1.0.RELEASE.jar
2020-07-08 16:46:42,766 [Worker-2056] INFO  o.e.m.c.i.e.AbstractTransferListenerAdapter - Downloaded https://repo.maven.apache.org/maven2/org/springframework/spring-expression/4.1.0.RELEASE/spring-expression-4.1.0.RELEASE.jar
2020-07-08 16:46:43,227 [Worker-2056] WARN  o.e.m.c.i.embedder.EclipseLogger - Using platform encoding (MS949 actually) to copy filtered resources, i.e. build is platform dependent!
2020-07-08 16:46:43,232 [Worker-2056] INFO  o.e.m.c.i.embedder.EclipseLogger - Copying 0 resource
2020-07-08 16:46:43,233 [Worker-2056] WARN  o.e.m.c.i.embedder.EclipseLogger - Using platform encoding (MS949 actually) to copy filtered resources, i.e. build is platform dependent!
2020-07-08 16:46:43,235 [Worker-2056] INFO  o.e.m.c.i.embedder.EclipseLogger - Copying 0 resource
2020-07-08 16:46:48,724 [Worker-2093] WARN  o.e.m.c.i.embedder.EclipseLogger - Using platform encoding (MS949 actually) to copy filtered resources, i.e. build is platform dependent!
2020-07-08 16:46:48,728 [Worker-2093] INFO  o.e.m.c.i.embedder.EclipseLogger - Copying 0 resource
2020-07-08 16:46:48,731 [Worker-2093] WARN  o.e.m.c.i.embedder.EclipseLogger - Using platform encoding (MS949 actually) to copy filtered resources, i.e. build is platform dependent!
2020-07-08 16:46:48,732 [Worker-2093] INFO  o.e.m.c.i.embedder.EclipseLogger - Copying 0 resource
2020-07-08 16:46:58,711 [Worker-2113] INFO  o.e.m.c.i.l.LifecycleMappingFactory - Using org.eclipse.m2e.jdt.JarLifecycleMapping lifecycle mapping for MavenProject: spring4:testPjt01:0.0.1-SNAPSHOT @ C:\Spring\Project1\testPjt01\pom.xml.
2020-07-08 16:46:59,153 [Worker-2113] WARN  o.e.m.c.i.embedder.EclipseLogger - Using platform encoding (MS949 actually) to copy filtered resources, i.e. build is platform dependent!
2020-07-08 16:46:59,156 [Worker-2113] INFO  o.e.m.c.i.embedder.EclipseLogger - Copying 0 resource
2020-07-08 16:46:59,157 [Worker-2113] WARN  o.e.m.c.i.embedder.EclipseLogger - Using platform encoding (MS949 actually) to copy filtered resources, i.e. build is platform dependent!
2020-07-08 16:46:59,158 [Worker-2113] INFO  o.e.m.c.i.embedder.EclipseLogger - Copying 0 resource
2020-07-08 17:29:25,971 [Worker-2245] INFO  o.e.m.c.i.l.LifecycleMappingFactory - Using org.eclipse.m2e.jdt.JarLifecycleMapping lifecycle mapping for MavenProject: spring4:testPjt01:0.0.1-SNAPSHOT @ C:\Spring\Project1\testPjt01\pom.xml.
2020-07-08 17:29:26,197 [Worker-2245] WARN  o.e.m.c.i.embedder.EclipseLogger - Using platform encoding (MS949 actually) to copy filtered resources, i.e. build is platform dependent!
2020-07-08 17:29:26,200 [Worker-2245] INFO  o.e.m.c.i.embedder.EclipseLogger - Copying 0 resource
2020-07-08 17:29:26,201 [Worker-2245] WARN  o.e.m.c.i.embedder.EclipseLogger - Using platform encoding (MS949 actually) to copy filtered resources, i.e. build is platform dependent!
2020-07-08 17:29:26,202 [Worker-2245] INFO  o.e.m.c.i.embedder.EclipseLogger - Copying 0 resource
2020-07-08 17:35:19,964 [Worker-2336] INFO  o.e.m.c.i.l.LifecycleMappingFactory - Using org.eclipse.m2e.jdt.JarLifecycleMapping lifecycle mapping for MavenProject: spring4:testPjt01:0.0.1-SNAPSHOT @ C:\Spring\Project1\testPjt01\pom.xml.
2020-07-08 17:35:20,270 [Worker-2336] WARN  o.e.m.c.i.embedder.EclipseLogger - Using platform encoding (MS949 actually) to copy filtered resources, i.e. build is platform dependent!
2020-07-08 17:35:20,273 [Worker-2336] INFO  o.e.m.c.i.embedder.EclipseLogger - Copying 0 resource
2020-07-08 17:35:20,275 [Worker-2336] WARN  o.e.m.c.i.embedder.EclipseLogger - Using platform encoding (MS949 actually) to copy filtered resources, i.e. build is platform dependent!
2020-07-08 17:35:20,276 [Worker-2336] INFO  o.e.m.c.i.embedder.EclipseLogger - Copying 0 resource
2020-07-08 17:36:00,258 [Worker-2368] WARN  o.e.m.c.i.embedder.EclipseLogger - Using platform encoding (MS949 actually) to copy filtered resources, i.e. build is platform dependent!
2020-07-08 17:36:00,261 [Worker-2368] INFO  o.e.m.c.i.embedder.EclipseLogger - Copying 0 resource
2020-07-08 17:36:00,264 [Worker-2368] WARN  o.e.m.c.i.embedder.EclipseLogger - Using platform encoding (MS949 actually) to copy filtered resources, i.e. build is platform dependent!
2020-07-08 17:36:00,265 [Worker-2368] INFO  o.e.m.c.i.embedder.EclipseLogger - Copying 0 resource
2020-07-08 17:36:01,572 [Worker-2386] WARN  o.e.m.c.i.embedder.EclipseLogger - Using platform encoding (MS949 actually) to copy filtered resources, i.e. build is platform dependent!
2020-07-08 17:36:01,574 [Worker-2386] INFO  o.e.m.c.i.embedder.EclipseLogger - Copying 0 resource
2020-07-08 17:36:01,579 [Worker-2386] WARN  o.e.m.c.i.embedder.EclipseLogger - Using platform encoding (MS949 actually) to copy filtered resources, i.e. build is platform dependent!
2020-07-08 17:36:01,580 [Worker-2386] INFO  o.e.m.c.i.embedder.EclipseLogger - Copying 0 resource
2020-07-08 17:36:19,058 [Worker-2474] WARN  o.e.m.c.i.embedder.EclipseLogger - Using platform encoding (MS949 actually) to copy filtered resources, i.e. build is platform dependent!
2020-07-08 17:36:19,060 [Worker-2474] INFO  o.e.m.c.i.embedder.EclipseLogger - Copying 0 resource
2020-07-08 17:36:19,061 [Worker-2474] WARN  o.e.m.c.i.embedder.EclipseLogger - Using platform encoding (MS949 actually) to copy filtered resources, i.e. build is platform dependent!
2020-07-08 17:36:19,062 [Worker-2474] INFO  o.e.m.c.i.embedder.EclipseLogger - Copying 0 resource
2020-07-08 17:36:48,537 [Worker-2561] WARN  o.e.r.models.ModelRepository - Failed to download org.eclipse.recommenders:index::zip:0.0.0
org.eclipse.aether.resolution.ArtifactResolutionException: Could not find artifact org.eclipse.recommenders:index:zip:0.0.0-SNAPSHOT in models (http://download.eclipse.org/recommenders/models/oxygen/)
	at org.eclipse.aether.internal.impl.DefaultArtifactResolver.resolve(DefaultArtifactResolver.java:453) ~[na:na]
	at org.eclipse.aether.internal.impl.DefaultArtifactResolver.resolveArtifacts(DefaultArtifactResolver.java:255) ~[na:na]
	at org.eclipse.aether.internal.impl.DefaultArtifactResolver.resolveArtifact(DefaultArtifactResolver.java:232) ~[na:na]
	at org.eclipse.aether.internal.impl.DefaultRepositorySystem.resolveArtifact(DefaultRepositorySystem.java:303) ~[na:na]
	at org.eclipse.recommenders.models.ModelRepository.resolveInternal(ModelRepository.java:193) [org.eclipse.recommenders.models_2.5.2.v20180401-1226.jar:na]
	at org.eclipse.recommenders.models.ModelRepository.resolve(ModelRepository.java:172) [org.eclipse.recommenders.models_2.5.2.v20180401-1226.jar:na]
	at org.eclipse.recommenders.internal.models.rcp.EclipseModelRepository.resolve(EclipseModelRepository.java:168) [org.eclipse.recommenders.models.rcp_2.5.2.v20180401-1226.jar:na]
	at org.eclipse.recommenders.internal.models.rcp.DownloadModelArchiveJob.run(DownloadModelArchiveJob.java:76) [org.eclipse.recommenders.models.rcp_2.5.2.v20180401-1226.jar:na]
	at org.eclipse.core.internal.jobs.Worker.run(Worker.java:56) [org.eclipse.core.jobs_3.9.3.v20180115-1757.jar:na]
Caused by: org.eclipse.aether.transfer.ArtifactNotFoundException: Could not find artifact org.eclipse.recommenders:index:zip:0.0.0-SNAPSHOT in models (http://download.eclipse.org/recommenders/models/oxygen/)
	at org.eclipse.aether.connector.basic.ArtifactTransportListener.transferFailed(ArtifactTransportListener.java:48) ~[org.apache.maven.resolver.connector.basic_1.0.3.v20170405-0725.jar:1.0.3]
	at org.eclipse.aether.connector.basic.BasicRepositoryConnector$TaskRunner.run(BasicRepositoryConnector.java:364) ~[org.apache.maven.resolver.connector.basic_1.0.3.v20170405-0725.jar:1.0.3]
	at org.eclipse.aether.util.concurrency.RunnableErrorForwarder$1.run(RunnableErrorForwarder.java:76) ~[na:na]
	at org.eclipse.aether.connector.basic.BasicRepositoryConnector$DirectExecutor.execute(BasicRepositoryConnector.java:590) ~[org.apache.maven.resolver.connector.basic_1.0.3.v20170405-0725.jar:1.0.3]
	at org.eclipse.aether.connector.basic.BasicRepositoryConnector.get(BasicRepositoryConnector.java:258) ~[org.apache.maven.resolver.connector.basic_1.0.3.v20170405-0725.jar:1.0.3]
	at org.eclipse.aether.internal.impl.DefaultArtifactResolver.performDownloads(DefaultArtifactResolver.java:529) ~[na:na]
	at org.eclipse.aether.internal.impl.DefaultArtifactResolver.resolve(DefaultArtifactResolver.java:430) ~[na:na]
	... 8 common frames omitted
2020-07-08 17:36:53,695 [Worker-2606] WARN  o.e.m.c.i.embedder.EclipseLogger - Using platform encoding (MS949 actually) to copy filtered resources, i.e. build is platform dependent!
2020-07-08 17:36:53,697 [Worker-2606] INFO  o.e.m.c.i.embedder.EclipseLogger - Copying 0 resource
2020-07-08 17:36:53,699 [Worker-2606] WARN  o.e.m.c.i.embedder.EclipseLogger - Using platform encoding (MS949 actually) to copy filtered resources, i.e. build is platform dependent!
2020-07-08 17:36:53,700 [Worker-2606] INFO  o.e.m.c.i.embedder.EclipseLogger - Copying 0 resource
2020-07-08 17:37:16,531 [Worker-2667] WARN  o.e.m.c.i.embedder.EclipseLogger - Using platform encoding (MS949 actually) to copy filtered resources, i.e. build is platform dependent!
2020-07-08 17:37:16,533 [Worker-2667] INFO  o.e.m.c.i.embedder.EclipseLogger - Copying 0 resource
2020-07-08 17:37:16,534 [Worker-2667] WARN  o.e.m.c.i.embedder.EclipseLogger - Using platform encoding (MS949 actually) to copy filtered resources, i.e. build is platform dependent!
2020-07-08 17:37:16,535 [Worker-2667] INFO  o.e.m.c.i.embedder.EclipseLogger - Copying 0 resource
2020-07-08 17:38:14,890 [Worker-2707] WARN  o.e.m.c.i.embedder.EclipseLogger - Using platform encoding (MS949 actually) to copy filtered resources, i.e. build is platform dependent!
2020-07-08 17:38:14,892 [Worker-2707] INFO  o.e.m.c.i.embedder.EclipseLogger - Copying 0 resource
2020-07-08 17:38:14,894 [Worker-2707] WARN  o.e.m.c.i.embedder.EclipseLogger - Using platform encoding (MS949 actually) to copy filtered resources, i.e. build is platform dependent!
2020-07-08 17:38:14,896 [Worker-2707] INFO  o.e.m.c.i.embedder.EclipseLogger - Copying 0 resource
2020-07-08 17:38:22,518 [Worker-2729] WARN  o.e.m.c.i.embedder.EclipseLogger - Using platform encoding (MS949 actually) to copy filtered resources, i.e. build is platform dependent!
2020-07-08 17:38:22,520 [Worker-2729] INFO  o.e.m.c.i.embedder.EclipseLogger - Copying 0 resource
2020-07-08 17:38:22,524 [Worker-2729] WARN  o.e.m.c.i.embedder.EclipseLogger - Using platform encoding (MS949 actually) to copy filtered resources, i.e. build is platform dependent!
2020-07-08 17:38:22,525 [Worker-2729] INFO  o.e.m.c.i.embedder.EclipseLogger - Copying 0 resource
2020-07-08 17:38:30,080 [Worker-2755] WARN  o.e.m.c.i.embedder.EclipseLogger - Using platform encoding (MS949 actually) to copy filtered resources, i.e. build is platform dependent!
2020-07-08 17:38:30,084 [Worker-2755] INFO  o.e.m.c.i.embedder.EclipseLogger - Copying 0 resource
2020-07-08 17:38:30,085 [Worker-2755] WARN  o.e.m.c.i.embedder.EclipseLogger - Using platform encoding (MS949 actually) to copy filtered resources, i.e. build is platform dependent!
2020-07-08 17:38:30,086 [Worker-2755] INFO  o.e.m.c.i.embedder.EclipseLogger - Copying 0 resource
2020-07-08 17:39:26,365 [Worker-2867] WARN  o.e.m.c.i.embedder.EclipseLogger - Using platform encoding (MS949 actually) to copy filtered resources, i.e. build is platform dependent!
2020-07-08 17:39:26,367 [Worker-2867] INFO  o.e.m.c.i.embedder.EclipseLogger - Copying 0 resource
2020-07-08 17:39:26,368 [Worker-2867] WARN  o.e.m.c.i.embedder.EclipseLogger - Using platform encoding (MS949 actually) to copy filtered resources, i.e. build is platform dependent!
2020-07-08 17:39:26,370 [Worker-2867] INFO  o.e.m.c.i.embedder.EclipseLogger - Copying 0 resource
2020-07-08 17:39:28,516 [Worker-2906] WARN  o.e.m.c.i.embedder.EclipseLogger - Using platform encoding (MS949 actually) to copy filtered resources, i.e. build is platform dependent!
2020-07-08 17:39:28,519 [Worker-2906] INFO  o.e.m.c.i.embedder.EclipseLogger - Copying 0 resource
2020-07-08 17:39:28,520 [Worker-2906] WARN  o.e.m.c.i.embedder.EclipseLogger - Using platform encoding (MS949 actually) to copy filtered resources, i.e. build is platform dependent!
2020-07-08 17:39:28,522 [Worker-2906] INFO  o.e.m.c.i.embedder.EclipseLogger - Copying 0 resource
2020-07-08 17:39:36,192 [Worker-2952] WARN  o.e.m.c.i.embedder.EclipseLogger - Using platform encoding (MS949 actually) to copy filtered resources, i.e. build is platform dependent!
2020-07-08 17:39:36,194 [Worker-2952] INFO  o.e.m.c.i.embedder.EclipseLogger - Copying 0 resource
2020-07-08 17:39:36,195 [Worker-2952] WARN  o.e.m.c.i.embedder.EclipseLogger - Using platform encoding (MS949 actually) to copy filtered resources, i.e. build is platform dependent!
2020-07-08 17:39:36,196 [Worker-2952] INFO  o.e.m.c.i.embedder.EclipseLogger - Copying 0 resource
2020-07-08 17:39:50,524 [Worker-2985] WARN  o.e.m.c.i.embedder.EclipseLogger - Using platform encoding (MS949 actually) to copy filtered resources, i.e. build is platform dependent!
2020-07-08 17:39:50,526 [Worker-2985] INFO  o.e.m.c.i.embedder.EclipseLogger - Copying 0 resource
2020-07-08 17:39:50,527 [Worker-2985] WARN  o.e.m.c.i.embedder.EclipseLogger - Using platform encoding (MS949 actually) to copy filtered resources, i.e. build is platform dependent!
2020-07-08 17:39:50,528 [Worker-2985] INFO  o.e.m.c.i.embedder.EclipseLogger - Copying 0 resource
2020-07-08 17:40:30,659 [Worker-3132] WARN  o.e.m.c.i.embedder.EclipseLogger - Using platform encoding (MS949 actually) to copy filtered resources, i.e. build is platform dependent!
2020-07-08 17:40:30,660 [Worker-3132] INFO  o.e.m.c.i.embedder.EclipseLogger - Copying 0 resource
2020-07-08 17:40:30,661 [Worker-3132] WARN  o.e.m.c.i.embedder.EclipseLogger - Using platform encoding (MS949 actually) to copy filtered resources, i.e. build is platform dependent!
2020-07-08 17:40:30,662 [Worker-3132] INFO  o.e.m.c.i.embedder.EclipseLogger - Copying 0 resource
2020-07-08 17:40:40,935 [Worker-3177] WARN  o.e.m.c.i.embedder.EclipseLogger - Using platform encoding (MS949 actually) to copy filtered resources, i.e. build is platform dependent!
2020-07-08 17:40:40,939 [Worker-3177] INFO  o.e.m.c.i.embedder.EclipseLogger - Copying 0 resource
2020-07-08 17:40:40,941 [Worker-3177] WARN  o.e.m.c.i.embedder.EclipseLogger - Using platform encoding (MS949 actually) to copy filtered resources, i.e. build is platform dependent!
2020-07-08 17:40:40,943 [Worker-3177] INFO  o.e.m.c.i.embedder.EclipseLogger - Copying 0 resource
2020-07-08 17:40:47,834 [Worker-3214] WARN  o.e.m.c.i.embedder.EclipseLogger - Using platform encoding (MS949 actually) to copy filtered resources, i.e. build is platform dependent!
2020-07-08 17:40:47,835 [Worker-3214] INFO  o.e.m.c.i.embedder.EclipseLogger - Copying 0 resource
2020-07-08 17:40:47,838 [Worker-3214] WARN  o.e.m.c.i.embedder.EclipseLogger - Using platform encoding (MS949 actually) to copy filtered resources, i.e. build is platform dependent!
2020-07-08 17:40:47,840 [Worker-3214] INFO  o.e.m.c.i.embedder.EclipseLogger - Copying 0 resource
2020-07-08 17:40:58,369 [Worker-3283] WARN  o.e.m.c.i.embedder.EclipseLogger - Using platform encoding (MS949 actually) to copy filtered resources, i.e. build is platform dependent!
2020-07-08 17:40:58,371 [Worker-3283] INFO  o.e.m.c.i.embedder.EclipseLogger - Copying 0 resource
2020-07-08 17:40:58,373 [Worker-3283] WARN  o.e.m.c.i.embedder.EclipseLogger - Using platform encoding (MS949 actually) to copy filtered resources, i.e. build is platform dependent!
2020-07-08 17:40:58,374 [Worker-3283] INFO  o.e.m.c.i.embedder.EclipseLogger - Copying 0 resource
2020-07-08 17:49:58,709 [Worker-3498] WARN  o.e.m.c.i.embedder.EclipseLogger - Using platform encoding (MS949 actually) to copy filtered resources, i.e. build is platform dependent!
2020-07-08 17:49:58,714 [Worker-3498] INFO  o.e.m.c.i.embedder.EclipseLogger - Copying 1 resource
2020-07-08 17:49:58,728 [Worker-3498] WARN  o.e.m.c.i.embedder.EclipseLogger - Using platform encoding (MS949 actually) to copy filtered resources, i.e. build is platform dependent!
2020-07-08 17:49:58,730 [Worker-3498] INFO  o.e.m.c.i.embedder.EclipseLogger - Copying 0 resource
2020-07-08 17:51:32,411 [Worker-3559] WARN  o.e.m.c.i.embedder.EclipseLogger - Using platform encoding (MS949 actually) to copy filtered resources, i.e. build is platform dependent!
2020-07-08 17:51:32,413 [Worker-3559] INFO  o.e.m.c.i.embedder.EclipseLogger - Copying 1 resource
2020-07-08 17:51:32,415 [Worker-3559] WARN  o.e.m.c.i.embedder.EclipseLogger - Using platform encoding (MS949 actually) to copy filtered resources, i.e. build is platform dependent!
2020-07-08 17:51:32,416 [Worker-3559] INFO  o.e.m.c.i.embedder.EclipseLogger - Copying 0 resource
2020-07-08 17:53:03,542 [Worker-3651] WARN  o.e.m.c.i.embedder.EclipseLogger - Using platform encoding (MS949 actually) to copy filtered resources, i.e. build is platform dependent!
2020-07-08 17:53:03,544 [Worker-3651] INFO  o.e.m.c.i.embedder.EclipseLogger - Copying 1 resource
2020-07-08 17:53:03,548 [Worker-3651] WARN  o.e.m.c.i.embedder.EclipseLogger - Using platform encoding (MS949 actually) to copy filtered resources, i.e. build is platform dependent!
2020-07-08 17:53:03,549 [Worker-3651] INFO  o.e.m.c.i.embedder.EclipseLogger - Copying 0 resource
2020-07-08 17:53:19,718 [Worker-3680] WARN  o.e.m.c.i.embedder.EclipseLogger - Using platform encoding (MS949 actually) to copy filtered resources, i.e. build is platform dependent!
2020-07-08 17:53:19,719 [Worker-3680] INFO  o.e.m.c.i.embedder.EclipseLogger - Copying 1 resource
2020-07-08 17:53:19,722 [Worker-3680] WARN  o.e.m.c.i.embedder.EclipseLogger - Using platform encoding (MS949 actually) to copy filtered resources, i.e. build is platform dependent!
2020-07-08 17:53:19,724 [Worker-3680] INFO  o.e.m.c.i.embedder.EclipseLogger - Copying 0 resource
2020-07-08 17:54:11,026 [Worker-3720] WARN  o.e.m.c.i.embedder.EclipseLogger - Using platform encoding (MS949 actually) to copy filtered resources, i.e. build is platform dependent!
2020-07-08 17:54:11,028 [Worker-3720] INFO  o.e.m.c.i.embedder.EclipseLogger - Copying 1 resource
2020-07-08 17:54:11,032 [Worker-3720] WARN  o.e.m.c.i.embedder.EclipseLogger - Using platform encoding (MS949 actually) to copy filtered resources, i.e. build is platform dependent!
2020-07-08 17:54:11,034 [Worker-3720] INFO  o.e.m.c.i.embedder.EclipseLogger - Copying 0 resource
2020-07-08 17:54:30,844 [Worker-3741] WARN  o.e.m.c.i.embedder.EclipseLogger - Using platform encoding (MS949 actually) to copy filtered resources, i.e. build is platform dependent!
2020-07-08 17:54:30,846 [Worker-3741] INFO  o.e.m.c.i.embedder.EclipseLogger - Copying 1 resource
2020-07-08 17:54:30,853 [Worker-3741] WARN  o.e.m.c.i.embedder.EclipseLogger - Using platform encoding (MS949 actually) to copy filtered resources, i.e. build is platform dependent!
2020-07-08 17:54:30,854 [Worker-3741] INFO  o.e.m.c.i.embedder.EclipseLogger - Copying 0 resource
2020-07-08 17:55:05,442 [Worker-3787] WARN  o.e.m.c.i.embedder.EclipseLogger - Using platform encoding (MS949 actually) to copy filtered resources, i.e. build is platform dependent!
2020-07-08 17:55:05,444 [Worker-3787] INFO  o.e.m.c.i.embedder.EclipseLogger - Copying 1 resource
2020-07-08 17:55:05,447 [Worker-3787] WARN  o.e.m.c.i.embedder.EclipseLogger - Using platform encoding (MS949 actually) to copy filtered resources, i.e. build is platform dependent!
2020-07-08 17:55:05,448 [Worker-3787] INFO  o.e.m.c.i.embedder.EclipseLogger - Copying 0 resource
2020-07-08 17:55:10,323 [Worker-3815] WARN  o.e.m.c.i.embedder.EclipseLogger - Using platform encoding (MS949 actually) to copy filtered resources, i.e. build is platform dependent!
2020-07-08 17:55:10,325 [Worker-3815] INFO  o.e.m.c.i.embedder.EclipseLogger - Copying 1 resource
2020-07-08 17:55:10,327 [Worker-3815] WARN  o.e.m.c.i.embedder.EclipseLogger - Using platform encoding (MS949 actually) to copy filtered resources, i.e. build is platform dependent!
2020-07-08 17:55:10,330 [Worker-3815] INFO  o.e.m.c.i.embedder.EclipseLogger - Copying 0 resource
2020-07-08 17:55:20,504 [Worker-3840] WARN  o.e.m.c.i.embedder.EclipseLogger - Using platform encoding (MS949 actually) to copy filtered resources, i.e. build is platform dependent!
2020-07-08 17:55:20,507 [Worker-3840] INFO  o.e.m.c.i.embedder.EclipseLogger - Copying 1 resource
2020-07-08 17:55:20,513 [Worker-3840] WARN  o.e.m.c.i.embedder.EclipseLogger - Using platform encoding (MS949 actually) to copy filtered resources, i.e. build is platform dependent!
2020-07-08 17:55:20,518 [Worker-3840] INFO  o.e.m.c.i.embedder.EclipseLogger - Copying 0 resource
2020-07-08 17:55:55,864 [Worker-3868] WARN  o.e.m.c.i.embedder.EclipseLogger - Using platform encoding (MS949 actually) to copy filtered resources, i.e. build is platform dependent!
2020-07-08 17:55:55,866 [Worker-3868] INFO  o.e.m.c.i.embedder.EclipseLogger - Copying 1 resource
2020-07-08 17:55:55,868 [Worker-3868] WARN  o.e.m.c.i.embedder.EclipseLogger - Using platform encoding (MS949 actually) to copy filtered resources, i.e. build is platform dependent!
2020-07-08 17:55:55,870 [Worker-3868] INFO  o.e.m.c.i.embedder.EclipseLogger - Copying 0 resource
2020-07-08 17:56:00,705 [Worker-3887] WARN  o.e.m.c.i.embedder.EclipseLogger - Using platform encoding (MS949 actually) to copy filtered resources, i.e. build is platform dependent!
2020-07-08 17:56:00,707 [Worker-3887] INFO  o.e.m.c.i.embedder.EclipseLogger - Copying 1 resource
2020-07-08 17:56:00,711 [Worker-3887] WARN  o.e.m.c.i.embedder.EclipseLogger - Using platform encoding (MS949 actually) to copy filtered resources, i.e. build is platform dependent!
2020-07-08 17:56:00,713 [Worker-3887] INFO  o.e.m.c.i.embedder.EclipseLogger - Copying 0 resource
2020-07-08 17:56:38,496 [Worker-3944] WARN  o.e.m.c.i.embedder.EclipseLogger - Using platform encoding (MS949 actually) to copy filtered resources, i.e. build is platform dependent!
2020-07-08 17:56:38,498 [Worker-3944] INFO  o.e.m.c.i.embedder.EclipseLogger - Copying 1 resource
2020-07-08 17:56:38,504 [Worker-3944] WARN  o.e.m.c.i.embedder.EclipseLogger - Using platform encoding (MS949 actually) to copy filtered resources, i.e. build is platform dependent!
2020-07-08 17:56:38,506 [Worker-3944] INFO  o.e.m.c.i.embedder.EclipseLogger - Copying 0 resource
2020-07-08 17:57:35,468 [Worker-3991] WARN  o.e.m.c.i.embedder.EclipseLogger - Using platform encoding (MS949 actually) to copy filtered resources, i.e. build is platform dependent!
2020-07-08 17:57:35,470 [Worker-3991] INFO  o.e.m.c.i.embedder.EclipseLogger - Copying 1 resource
2020-07-08 17:57:35,474 [Worker-3991] WARN  o.e.m.c.i.embedder.EclipseLogger - Using platform encoding (MS949 actually) to copy filtered resources, i.e. build is platform dependent!
2020-07-08 17:57:35,475 [Worker-3991] INFO  o.e.m.c.i.embedder.EclipseLogger - Copying 0 resource
2020-07-08 17:57:37,692 [Worker-4014] WARN  o.e.m.c.i.embedder.EclipseLogger - Using platform encoding (MS949 actually) to copy filtered resources, i.e. build is platform dependent!
2020-07-08 17:57:37,693 [Worker-4014] INFO  o.e.m.c.i.embedder.EclipseLogger - Copying 1 resource
2020-07-08 17:57:37,695 [Worker-4014] WARN  o.e.m.c.i.embedder.EclipseLogger - Using platform encoding (MS949 actually) to copy filtered resources, i.e. build is platform dependent!
2020-07-08 17:57:37,696 [Worker-4014] INFO  o.e.m.c.i.embedder.EclipseLogger - Copying 0 resource
2020-07-08 17:58:10,388 [Worker-4059] WARN  o.e.m.c.i.embedder.EclipseLogger - Using platform encoding (MS949 actually) to copy filtered resources, i.e. build is platform dependent!
2020-07-08 17:58:10,389 [Worker-4059] INFO  o.e.m.c.i.embedder.EclipseLogger - Copying 1 resource
2020-07-08 17:58:10,393 [Worker-4059] WARN  o.e.m.c.i.embedder.EclipseLogger - Using platform encoding (MS949 actually) to copy filtered resources, i.e. build is platform dependent!
2020-07-08 17:58:10,395 [Worker-4059] INFO  o.e.m.c.i.embedder.EclipseLogger - Copying 0 resource
2020-07-08 17:59:41,085 [Worker-4103] WARN  o.e.m.c.i.embedder.EclipseLogger - Using platform encoding (MS949 actually) to copy filtered resources, i.e. build is platform dependent!
2020-07-08 17:59:41,086 [Worker-4103] INFO  o.e.m.c.i.embedder.EclipseLogger - Copying 1 resource
2020-07-08 17:59:41,088 [Worker-4103] WARN  o.e.m.c.i.embedder.EclipseLogger - Using platform encoding (MS949 actually) to copy filtered resources, i.e. build is platform dependent!
2020-07-08 17:59:41,089 [Worker-4103] INFO  o.e.m.c.i.embedder.EclipseLogger - Copying 0 resource
2020-07-08 17:59:57,699 [Worker-4156] WARN  o.e.m.c.i.embedder.EclipseLogger - Using platform encoding (MS949 actually) to copy filtered resources, i.e. build is platform dependent!
2020-07-08 17:59:57,701 [Worker-4156] INFO  o.e.m.c.i.embedder.EclipseLogger - Copying 1 resource
2020-07-08 17:59:57,702 [Worker-4156] WARN  o.e.m.c.i.embedder.EclipseLogger - Using platform encoding (MS949 actually) to copy filtered resources, i.e. build is platform dependent!
2020-07-08 17:59:57,703 [Worker-4156] INFO  o.e.m.c.i.embedder.EclipseLogger - Copying 0 resource
2020-07-08 18:00:27,401 [Worker-4205] WARN  o.e.m.c.i.embedder.EclipseLogger - Using platform encoding (MS949 actually) to copy filtered resources, i.e. build is platform dependent!
2020-07-08 18:00:27,403 [Worker-4205] INFO  o.e.m.c.i.embedder.EclipseLogger - Copying 1 resource
2020-07-08 18:00:27,407 [Worker-4205] WARN  o.e.m.c.i.embedder.EclipseLogger - Using platform encoding (MS949 actually) to copy filtered resources, i.e. build is platform dependent!
2020-07-08 18:00:27,408 [Worker-4205] INFO  o.e.m.c.i.embedder.EclipseLogger - Copying 0 resource
2020-07-08 18:01:09,555 [Worker-4314] WARN  o.e.m.c.i.embedder.EclipseLogger - Using platform encoding (MS949 actually) to copy filtered resources, i.e. build is platform dependent!
2020-07-08 18:01:09,557 [Worker-4314] INFO  o.e.m.c.i.embedder.EclipseLogger - Copying 1 resource
2020-07-08 18:01:09,559 [Worker-4314] WARN  o.e.m.c.i.embedder.EclipseLogger - Using platform encoding (MS949 actually) to copy filtered resources, i.e. build is platform dependent!
2020-07-08 18:01:09,560 [Worker-4314] INFO  o.e.m.c.i.embedder.EclipseLogger - Copying 0 resource
2020-07-08 18:01:19,452 [Worker-4375] WARN  o.e.m.c.i.embedder.EclipseLogger - Using platform encoding (MS949 actually) to copy filtered resources, i.e. build is platform dependent!
2020-07-08 18:01:19,456 [Worker-4375] INFO  o.e.m.c.i.embedder.EclipseLogger - Copying 1 resource
2020-07-08 18:01:19,458 [Worker-4375] WARN  o.e.m.c.i.embedder.EclipseLogger - Using platform encoding (MS949 actually) to copy filtered resources, i.e. build is platform dependent!
2020-07-08 18:01:19,460 [Worker-4375] INFO  o.e.m.c.i.embedder.EclipseLogger - Copying 0 resource
2020-07-08 18:01:25,862 [Worker-4427] WARN  o.e.m.c.i.embedder.EclipseLogger - Using platform encoding (MS949 actually) to copy filtered resources, i.e. build is platform dependent!
2020-07-08 18:01:25,864 [Worker-4427] INFO  o.e.m.c.i.embedder.EclipseLogger - Copying 1 resource
2020-07-08 18:01:25,865 [Worker-4427] WARN  o.e.m.c.i.embedder.EclipseLogger - Using platform encoding (MS949 actually) to copy filtered resources, i.e. build is platform dependent!
2020-07-08 18:01:25,866 [Worker-4427] INFO  o.e.m.c.i.embedder.EclipseLogger - Copying 0 resource
2020-07-08 18:02:07,193 [Worker-4541] WARN  o.e.m.c.i.embedder.EclipseLogger - Using platform encoding (MS949 actually) to copy filtered resources, i.e. build is platform dependent!
2020-07-08 18:02:07,195 [Worker-4541] INFO  o.e.m.c.i.embedder.EclipseLogger - Copying 1 resource
2020-07-08 18:02:07,197 [Worker-4541] WARN  o.e.m.c.i.embedder.EclipseLogger - Using platform encoding (MS949 actually) to copy filtered resources, i.e. build is platform dependent!
2020-07-08 18:02:07,198 [Worker-4541] INFO  o.e.m.c.i.embedder.EclipseLogger - Copying 0 resource
2020-07-08 18:02:13,747 [Worker-4585] WARN  o.e.m.c.i.embedder.EclipseLogger - Using platform encoding (MS949 actually) to copy filtered resources, i.e. build is platform dependent!
2020-07-08 18:02:13,748 [Worker-4585] INFO  o.e.m.c.i.embedder.EclipseLogger - Copying 1 resource
2020-07-08 18:02:13,749 [Worker-4585] WARN  o.e.m.c.i.embedder.EclipseLogger - Using platform encoding (MS949 actually) to copy filtered resources, i.e. build is platform dependent!
2020-07-08 18:02:13,750 [Worker-4585] INFO  o.e.m.c.i.embedder.EclipseLogger - Copying 0 resource
2020-07-08 18:02:15,785 [Worker-4625] WARN  o.e.m.c.i.embedder.EclipseLogger - Using platform encoding (MS949 actually) to copy filtered resources, i.e. build is platform dependent!
2020-07-08 18:02:15,787 [Worker-4625] INFO  o.e.m.c.i.embedder.EclipseLogger - Copying 1 resource
2020-07-08 18:02:15,789 [Worker-4625] WARN  o.e.m.c.i.embedder.EclipseLogger - Using platform encoding (MS949 actually) to copy filtered resources, i.e. build is platform dependent!
2020-07-08 18:02:15,790 [Worker-4625] INFO  o.e.m.c.i.embedder.EclipseLogger - Copying 0 resource
2020-07-08 18:03:06,998 [Worker-4689] WARN  o.e.m.c.i.embedder.EclipseLogger - Using platform encoding (MS949 actually) to copy filtered resources, i.e. build is platform dependent!
2020-07-08 18:03:06,999 [Worker-4689] INFO  o.e.m.c.i.embedder.EclipseLogger - Copying 1 resource
2020-07-08 18:03:07,002 [Worker-4689] WARN  o.e.m.c.i.embedder.EclipseLogger - Using platform encoding (MS949 actually) to copy filtered resources, i.e. build is platform dependent!
2020-07-08 18:03:07,003 [Worker-4689] INFO  o.e.m.c.i.embedder.EclipseLogger - Copying 0 resource
2020-07-08 18:03:08,153 [Worker-4715] WARN  o.e.m.c.i.embedder.EclipseLogger - Using platform encoding (MS949 actually) to copy filtered resources, i.e. build is platform dependent!
2020-07-08 18:03:08,156 [Worker-4715] INFO  o.e.m.c.i.embedder.EclipseLogger - Copying 1 resource
2020-07-08 18:03:08,158 [Worker-4715] WARN  o.e.m.c.i.embedder.EclipseLogger - Using platform encoding (MS949 actually) to copy filtered resources, i.e. build is platform dependent!
2020-07-08 18:03:08,159 [Worker-4715] INFO  o.e.m.c.i.embedder.EclipseLogger - Copying 0 resource
2020-07-08 18:03:23,666 [Worker-4789] WARN  o.e.m.c.i.embedder.EclipseLogger - Using platform encoding (MS949 actually) to copy filtered resources, i.e. build is platform dependent!
2020-07-08 18:03:23,667 [Worker-4789] INFO  o.e.m.c.i.embedder.EclipseLogger - Copying 1 resource
2020-07-08 18:03:23,669 [Worker-4789] WARN  o.e.m.c.i.embedder.EclipseLogger - Using platform encoding (MS949 actually) to copy filtered resources, i.e. build is platform dependent!
2020-07-08 18:03:23,673 [Worker-4789] INFO  o.e.m.c.i.embedder.EclipseLogger - Copying 0 resource
2020-07-08 18:03:25,448 [Worker-4818] WARN  o.e.m.c.i.embedder.EclipseLogger - Using platform encoding (MS949 actually) to copy filtered resources, i.e. build is platform dependent!
2020-07-08 18:03:25,449 [Worker-4818] INFO  o.e.m.c.i.embedder.EclipseLogger - Copying 1 resource
2020-07-08 18:03:25,454 [Worker-4818] WARN  o.e.m.c.i.embedder.EclipseLogger - Using platform encoding (MS949 actually) to copy filtered resources, i.e. build is platform dependent!
2020-07-08 18:03:25,456 [Worker-4818] INFO  o.e.m.c.i.embedder.EclipseLogger - Copying 0 resource
2020-07-08 18:03:27,195 [Worker-4852] WARN  o.e.m.c.i.embedder.EclipseLogger - Using platform encoding (MS949 actually) to copy filtered resources, i.e. build is platform dependent!
2020-07-08 18:03:27,197 [Worker-4852] INFO  o.e.m.c.i.embedder.EclipseLogger - Copying 1 resource
2020-07-08 18:03:27,199 [Worker-4852] WARN  o.e.m.c.i.embedder.EclipseLogger - Using platform encoding (MS949 actually) to copy filtered resources, i.e. build is platform dependent!
2020-07-08 18:03:27,202 [Worker-4852] INFO  o.e.m.c.i.embedder.EclipseLogger - Copying 0 resource
2020-07-08 18:03:37,545 [Worker-4915] WARN  o.e.m.c.i.embedder.EclipseLogger - Using platform encoding (MS949 actually) to copy filtered resources, i.e. build is platform dependent!
2020-07-08 18:03:37,547 [Worker-4915] INFO  o.e.m.c.i.embedder.EclipseLogger - Copying 1 resource
2020-07-08 18:03:37,548 [Worker-4915] WARN  o.e.m.c.i.embedder.EclipseLogger - Using platform encoding (MS949 actually) to copy filtered resources, i.e. build is platform dependent!
2020-07-08 18:03:37,549 [Worker-4915] INFO  o.e.m.c.i.embedder.EclipseLogger - Copying 0 resource
2020-07-08 18:03:38,694 [Worker-4946] WARN  o.e.m.c.i.embedder.EclipseLogger - Using platform encoding (MS949 actually) to copy filtered resources, i.e. build is platform dependent!
2020-07-08 18:03:38,696 [Worker-4946] INFO  o.e.m.c.i.embedder.EclipseLogger - Copying 1 resource
2020-07-08 18:03:38,697 [Worker-4946] WARN  o.e.m.c.i.embedder.EclipseLogger - Using platform encoding (MS949 actually) to copy filtered resources, i.e. build is platform dependent!
2020-07-08 18:03:38,699 [Worker-4946] INFO  o.e.m.c.i.embedder.EclipseLogger - Copying 0 resource
2020-07-08 18:03:56,205 [Worker-5017] WARN  o.e.m.c.i.embedder.EclipseLogger - Using platform encoding (MS949 actually) to copy filtered resources, i.e. build is platform dependent!
2020-07-08 18:03:56,208 [Worker-5017] INFO  o.e.m.c.i.embedder.EclipseLogger - Copying 1 resource
2020-07-08 18:03:56,209 [Worker-5017] WARN  o.e.m.c.i.embedder.EclipseLogger - Using platform encoding (MS949 actually) to copy filtered resources, i.e. build is platform dependent!
2020-07-08 18:03:56,211 [Worker-5017] INFO  o.e.m.c.i.embedder.EclipseLogger - Copying 0 resource
2020-07-08 18:04:07,524 [Worker-5074] WARN  o.e.m.c.i.embedder.EclipseLogger - Using platform encoding (MS949 actually) to copy filtered resources, i.e. build is platform dependent!
2020-07-08 18:04:07,528 [Worker-5074] INFO  o.e.m.c.i.embedder.EclipseLogger - Copying 1 resource
2020-07-08 18:04:07,530 [Worker-5074] WARN  o.e.m.c.i.embedder.EclipseLogger - Using platform encoding (MS949 actually) to copy filtered resources, i.e. build is platform dependent!
2020-07-08 18:04:07,532 [Worker-5074] INFO  o.e.m.c.i.embedder.EclipseLogger - Copying 0 resource
2020-07-08 18:04:26,204 [Worker-5132] WARN  o.e.m.c.i.embedder.EclipseLogger - Using platform encoding (MS949 actually) to copy filtered resources, i.e. build is platform dependent!
2020-07-08 18:04:26,207 [Worker-5132] INFO  o.e.m.c.i.embedder.EclipseLogger - Copying 1 resource
2020-07-08 18:04:26,208 [Worker-5132] WARN  o.e.m.c.i.embedder.EclipseLogger - Using platform encoding (MS949 actually) to copy filtered resources, i.e. build is platform dependent!
2020-07-08 18:04:26,210 [Worker-5132] INFO  o.e.m.c.i.embedder.EclipseLogger - Copying 0 resource
2020-07-08 18:04:27,525 [Worker-5159] WARN  o.e.m.c.i.embedder.EclipseLogger - Using platform encoding (MS949 actually) to copy filtered resources, i.e. build is platform dependent!
2020-07-08 18:04:27,527 [Worker-5159] INFO  o.e.m.c.i.embedder.EclipseLogger - Copying 1 resource
2020-07-08 18:04:27,528 [Worker-5159] WARN  o.e.m.c.i.embedder.EclipseLogger - Using platform encoding (MS949 actually) to copy filtered resources, i.e. build is platform dependent!
2020-07-08 18:04:27,529 [Worker-5159] INFO  o.e.m.c.i.embedder.EclipseLogger - Copying 0 resource
2020-07-08 18:05:24,056 [Worker-5220] WARN  o.e.m.c.i.embedder.EclipseLogger - Using platform encoding (MS949 actually) to copy filtered resources, i.e. build is platform dependent!
2020-07-08 18:05:24,058 [Worker-5220] INFO  o.e.m.c.i.embedder.EclipseLogger - Copying 1 resource
2020-07-08 18:05:24,059 [Worker-5220] WARN  o.e.m.c.i.embedder.EclipseLogger - Using platform encoding (MS949 actually) to copy filtered resources, i.e. build is platform dependent!
2020-07-08 18:05:24,064 [Worker-5220] INFO  o.e.m.c.i.embedder.EclipseLogger - Copying 0 resource
2020-07-08 18:05:35,636 [Worker-5265] WARN  o.e.m.c.i.embedder.EclipseLogger - Using platform encoding (MS949 actually) to copy filtered resources, i.e. build is platform dependent!
2020-07-08 18:05:35,638 [Worker-5265] INFO  o.e.m.c.i.embedder.EclipseLogger - Copying 1 resource
2020-07-08 18:05:35,639 [Worker-5265] WARN  o.e.m.c.i.embedder.EclipseLogger - Using platform encoding (MS949 actually) to copy filtered resources, i.e. build is platform dependent!
2020-07-08 18:05:35,640 [Worker-5265] INFO  o.e.m.c.i.embedder.EclipseLogger - Copying 0 resource
2020-07-08 18:05:48,969 [Worker-5315] WARN  o.e.m.c.i.embedder.EclipseLogger - Using platform encoding (MS949 actually) to copy filtered resources, i.e. build is platform dependent!
2020-07-08 18:05:48,971 [Worker-5315] INFO  o.e.m.c.i.embedder.EclipseLogger - Copying 1 resource
2020-07-08 18:05:48,972 [Worker-5315] WARN  o.e.m.c.i.embedder.EclipseLogger - Using platform encoding (MS949 actually) to copy filtered resources, i.e. build is platform dependent!
2020-07-08 18:05:48,974 [Worker-5315] INFO  o.e.m.c.i.embedder.EclipseLogger - Copying 0 resource
2020-07-08 18:07:40,561 [Worker-5419] WARN  o.e.m.c.i.embedder.EclipseLogger - Using platform encoding (MS949 actually) to copy filtered resources, i.e. build is platform dependent!
2020-07-08 18:07:40,563 [Worker-5419] INFO  o.e.m.c.i.embedder.EclipseLogger - Copying 1 resource
2020-07-08 18:07:40,564 [Worker-5419] WARN  o.e.m.c.i.embedder.EclipseLogger - Using platform encoding (MS949 actually) to copy filtered resources, i.e. build is platform dependent!
2020-07-08 18:07:40,565 [Worker-5419] INFO  o.e.m.c.i.embedder.EclipseLogger - Copying 0 resource
2020-07-08 18:13:19,682 [Worker-5721] WARN  o.e.m.c.i.embedder.EclipseLogger - Using platform encoding (MS949 actually) to copy filtered resources, i.e. build is platform dependent!
2020-07-08 18:13:19,684 [Worker-5721] INFO  o.e.m.c.i.embedder.EclipseLogger - Copying 1 resource
2020-07-08 18:13:19,687 [Worker-5721] WARN  o.e.m.c.i.embedder.EclipseLogger - Using platform encoding (MS949 actually) to copy filtered resources, i.e. build is platform dependent!
2020-07-08 18:13:19,689 [Worker-5721] INFO  o.e.m.c.i.embedder.EclipseLogger - Copying 0 resource
2020-07-08 19:54:43,789 [Worker-5813] WARN  o.e.m.c.i.embedder.EclipseLogger - Using platform encoding (MS949 actually) to copy filtered resources, i.e. build is platform dependent!
2020-07-08 19:54:43,798 [Worker-5813] INFO  o.e.m.c.i.embedder.EclipseLogger - Copying 1 resource
2020-07-08 19:54:43,813 [Worker-5813] WARN  o.e.m.c.i.embedder.EclipseLogger - Using platform encoding (MS949 actually) to copy filtered resources, i.e. build is platform dependent!
2020-07-08 19:54:43,819 [Worker-5813] INFO  o.e.m.c.i.embedder.EclipseLogger - Copying 0 resource
2020-07-08 19:55:18,942 [Worker-5893] WARN  o.e.m.c.i.embedder.EclipseLogger - Using platform encoding (MS949 actually) to copy filtered resources, i.e. build is platform dependent!
2020-07-08 19:55:18,946 [Worker-5893] INFO  o.e.m.c.i.embedder.EclipseLogger - Copying 1 resource
2020-07-08 19:55:18,957 [Worker-5893] WARN  o.e.m.c.i.embedder.EclipseLogger - Using platform encoding (MS949 actually) to copy filtered resources, i.e. build is platform dependent!
2020-07-08 19:55:18,961 [Worker-5893] INFO  o.e.m.c.i.embedder.EclipseLogger - Copying 0 resource
2020-07-08 19:56:06,968 [Worker-5924] WARN  o.e.m.c.i.embedder.EclipseLogger - Using platform encoding (MS949 actually) to copy filtered resources, i.e. build is platform dependent!
2020-07-08 19:56:06,975 [Worker-5924] INFO  o.e.m.c.i.embedder.EclipseLogger - Copying 1 resource
2020-07-08 19:56:06,989 [Worker-5924] WARN  o.e.m.c.i.embedder.EclipseLogger - Using platform encoding (MS949 actually) to copy filtered resources, i.e. build is platform dependent!
2020-07-08 19:56:06,996 [Worker-5924] INFO  o.e.m.c.i.embedder.EclipseLogger - Copying 0 resource
2020-07-08 19:56:08,762 [Worker-5953] WARN  o.e.m.c.i.embedder.EclipseLogger - Using platform encoding (MS949 actually) to copy filtered resources, i.e. build is platform dependent!
2020-07-08 19:56:08,766 [Worker-5953] INFO  o.e.m.c.i.embedder.EclipseLogger - Copying 1 resource
2020-07-08 19:56:08,774 [Worker-5953] WARN  o.e.m.c.i.embedder.EclipseLogger - Using platform encoding (MS949 actually) to copy filtered resources, i.e. build is platform dependent!
2020-07-08 19:56:08,778 [Worker-5953] INFO  o.e.m.c.i.embedder.EclipseLogger - Copying 0 resource
2020-07-08 19:57:16,719 [Worker-6018] WARN  o.e.m.c.i.embedder.EclipseLogger - Using platform encoding (MS949 actually) to copy filtered resources, i.e. build is platform dependent!
2020-07-08 19:57:16,720 [Worker-6018] INFO  o.e.m.c.i.embedder.EclipseLogger - Copying 1 resource
2020-07-08 19:57:16,724 [Worker-6018] WARN  o.e.m.c.i.embedder.EclipseLogger - Using platform encoding (MS949 actually) to copy filtered resources, i.e. build is platform dependent!
2020-07-08 19:57:16,726 [Worker-6018] INFO  o.e.m.c.i.embedder.EclipseLogger - Copying 0 resource
2020-07-08 19:59:10,526 [Worker-6103] WARN  o.e.m.c.i.embedder.EclipseLogger - Using platform encoding (MS949 actually) to copy filtered resources, i.e. build is platform dependent!
2020-07-08 19:59:10,528 [Worker-6103] INFO  o.e.m.c.i.embedder.EclipseLogger - Copying 1 resource
2020-07-08 19:59:10,534 [Worker-6103] WARN  o.e.m.c.i.embedder.EclipseLogger - Using platform encoding (MS949 actually) to copy filtered resources, i.e. build is platform dependent!
2020-07-08 19:59:10,535 [Worker-6103] INFO  o.e.m.c.i.embedder.EclipseLogger - Copying 0 resource
